[0.441s] DEBUG:colcon:Command line arguments: ['/usr/bin/colcon', 'build']
[0.441s] DEBUG:colcon:Parsed command line arguments: Namespace(log_base=None, log_level=None, verb_name='build', build_base='build', install_base='install', merge_install=False, symlink_install=False, test_result_base=None, continue_on_error=False, executor='parallel', parallel_workers=4, event_handlers=None, ignore_user_meta=False, metas=['./colcon.meta'], base_paths=['.'], packages_ignore=None, packages_ignore_regex=None, paths=None, packages_up_to=None, packages_up_to_regex=None, packages_above=None, packages_above_and_dependencies=None, packages_above_depth=None, packages_select_by_dep=None, packages_skip_by_dep=None, packages_skip_up_to=None, packages_select_build_failed=False, packages_skip_build_finished=False, packages_select_test_failures=False, packages_skip_test_passed=False, packages_select=None, packages_skip=None, packages_select_regex=None, packages_skip_regex=None, packages_start=None, packages_end=None, allow_overriding=[], cmake_args=None, cmake_target=None, cmake_target_skip_unavailable=False, cmake_clean_cache=False, cmake_clean_first=False, cmake_force_configure=False, ament_cmake_args=None, catkin_cmake_args=None, catkin_skip_building_tests=False, verb_parser=<colcon_defaults.argument_parser.defaults.DefaultArgumentsDecorator object at 0xffff96844bb0>, verb_extension=<colcon_core.verb.build.BuildVerb object at 0xffff968440a0>, main=<bound method BuildVerb.main of <colcon_core.verb.build.BuildVerb object at 0xffff968440a0>>)
[1.294s] Level 1:colcon.colcon_core.package_discovery:discover_packages(colcon_meta) check parameters
[1.295s] Level 1:colcon.colcon_core.package_discovery:discover_packages(recursive) check parameters
[1.295s] Level 1:colcon.colcon_core.package_discovery:discover_packages(ignore) check parameters
[1.295s] Level 1:colcon.colcon_core.package_discovery:discover_packages(path) check parameters
[1.295s] Level 1:colcon.colcon_core.package_discovery:discover_packages(colcon_meta) discover
[1.296s] Level 1:colcon.colcon_core.package_discovery:discover_packages(recursive) discover
[1.296s] INFO:colcon.colcon_core.package_discovery:Crawling recursively for packages in '/home/minibot/test_files_ros'
[1.296s] Level 1:colcon.colcon_core.package_identification:_identify(.) by extensions ['ignore', 'ignore_ament_install']
[1.297s] Level 1:colcon.colcon_core.package_identification:_identify(.) by extension 'ignore'
[1.297s] Level 1:colcon.colcon_core.package_identification:_identify(.) by extension 'ignore_ament_install'
[1.297s] Level 1:colcon.colcon_core.package_identification:_identify(.) by extensions ['colcon_pkg']
[1.298s] Level 1:colcon.colcon_core.package_identification:_identify(.) by extension 'colcon_pkg'
[1.298s] Level 1:colcon.colcon_core.package_identification:_identify(.) by extensions ['colcon_meta']
[1.298s] Level 1:colcon.colcon_core.package_identification:_identify(.) by extension 'colcon_meta'
[1.298s] Level 1:colcon.colcon_core.package_identification:_identify(.) by extensions ['ros']
[1.298s] Level 1:colcon.colcon_core.package_identification:_identify(.) by extension 'ros'
[1.344s] Level 1:colcon.colcon_core.package_identification:_identify(.) by extensions ['cmake', 'python']
[1.345s] Level 1:colcon.colcon_core.package_identification:_identify(.) by extension 'cmake'
[1.345s] Level 1:colcon.colcon_core.package_identification:_identify(.) by extension 'python'
[1.345s] Level 1:colcon.colcon_core.package_identification:_identify(.) by extensions ['python_setup_py']
[1.345s] Level 1:colcon.colcon_core.package_identification:_identify(.) by extension 'python_setup_py'
[1.346s] Level 1:colcon.colcon_core.package_identification:_identify(build) by extensions ['ignore', 'ignore_ament_install']
[1.346s] Level 1:colcon.colcon_core.package_identification:_identify(build) by extension 'ignore'
[1.346s] Level 1:colcon.colcon_core.package_identification:_identify(build) ignored
[1.347s] Level 1:colcon.colcon_core.package_identification:_identify(install) by extensions ['ignore', 'ignore_ament_install']
[1.347s] Level 1:colcon.colcon_core.package_identification:_identify(install) by extension 'ignore'
[1.348s] Level 1:colcon.colcon_core.package_identification:_identify(install) ignored
[1.348s] Level 1:colcon.colcon_core.package_identification:_identify(log) by extensions ['ignore', 'ignore_ament_install']
[1.349s] Level 1:colcon.colcon_core.package_identification:_identify(log) by extension 'ignore'
[1.349s] Level 1:colcon.colcon_core.package_identification:_identify(log) ignored
[1.349s] Level 1:colcon.colcon_core.package_identification:_identify(src) by extensions ['ignore', 'ignore_ament_install']
[1.350s] Level 1:colcon.colcon_core.package_identification:_identify(src) by extension 'ignore'
[1.350s] Level 1:colcon.colcon_core.package_identification:_identify(src) by extension 'ignore_ament_install'
[1.350s] Level 1:colcon.colcon_core.package_identification:_identify(src) by extensions ['colcon_pkg']
[1.350s] Level 1:colcon.colcon_core.package_identification:_identify(src) by extension 'colcon_pkg'
[1.350s] Level 1:colcon.colcon_core.package_identification:_identify(src) by extensions ['colcon_meta']
[1.350s] Level 1:colcon.colcon_core.package_identification:_identify(src) by extension 'colcon_meta'
[1.351s] Level 1:colcon.colcon_core.package_identification:_identify(src) by extensions ['ros']
[1.351s] Level 1:colcon.colcon_core.package_identification:_identify(src) by extension 'ros'
[1.351s] Level 1:colcon.colcon_core.package_identification:_identify(src) by extensions ['cmake', 'python']
[1.351s] Level 1:colcon.colcon_core.package_identification:_identify(src) by extension 'cmake'
[1.351s] Level 1:colcon.colcon_core.package_identification:_identify(src) by extension 'python'
[1.352s] Level 1:colcon.colcon_core.package_identification:_identify(src) by extensions ['python_setup_py']
[1.352s] Level 1:colcon.colcon_core.package_identification:_identify(src) by extension 'python_setup_py'
[1.352s] Level 1:colcon.colcon_core.package_identification:_identify(src/test_package) by extensions ['ignore', 'ignore_ament_install']
[1.352s] Level 1:colcon.colcon_core.package_identification:_identify(src/test_package) by extension 'ignore'
[1.353s] Level 1:colcon.colcon_core.package_identification:_identify(src/test_package) by extension 'ignore_ament_install'
[1.353s] Level 1:colcon.colcon_core.package_identification:_identify(src/test_package) by extensions ['colcon_pkg']
[1.353s] Level 1:colcon.colcon_core.package_identification:_identify(src/test_package) by extension 'colcon_pkg'
[1.353s] Level 1:colcon.colcon_core.package_identification:_identify(src/test_package) by extensions ['colcon_meta']
[1.353s] Level 1:colcon.colcon_core.package_identification:_identify(src/test_package) by extension 'colcon_meta'
[1.354s] Level 1:colcon.colcon_core.package_identification:_identify(src/test_package) by extensions ['ros']
[1.354s] Level 1:colcon.colcon_core.package_identification:_identify(src/test_package) by extension 'ros'
[1.362s] DEBUG:colcon.colcon_core.package_identification:Package 'src/test_package' with type 'ros.ament_python' and name 'test_package'
[1.362s] Level 1:colcon.colcon_core.package_identification:_identify(src/test_package_msgs) by extensions ['ignore', 'ignore_ament_install']
[1.363s] Level 1:colcon.colcon_core.package_identification:_identify(src/test_package_msgs) by extension 'ignore'
[1.363s] Level 1:colcon.colcon_core.package_identification:_identify(src/test_package_msgs) by extension 'ignore_ament_install'
[1.363s] Level 1:colcon.colcon_core.package_identification:_identify(src/test_package_msgs) by extensions ['colcon_pkg']
[1.363s] Level 1:colcon.colcon_core.package_identification:_identify(src/test_package_msgs) by extension 'colcon_pkg'
[1.364s] Level 1:colcon.colcon_core.package_identification:_identify(src/test_package_msgs) by extensions ['colcon_meta']
[1.364s] Level 1:colcon.colcon_core.package_identification:_identify(src/test_package_msgs) by extension 'colcon_meta'
[1.364s] Level 1:colcon.colcon_core.package_identification:_identify(src/test_package_msgs) by extensions ['ros']
[1.364s] Level 1:colcon.colcon_core.package_identification:_identify(src/test_package_msgs) by extension 'ros'
[1.366s] DEBUG:colcon.colcon_core.package_identification:Package 'src/test_package_msgs' with type 'ros.ament_cmake' and name 'test_package_msgs'
[1.367s] Level 1:colcon.colcon_core.package_discovery:discover_packages(recursive) using defaults
[1.367s] Level 1:colcon.colcon_core.package_discovery:discover_packages(ignore) discover
[1.367s] Level 1:colcon.colcon_core.package_discovery:discover_packages(ignore) using defaults
[1.367s] Level 1:colcon.colcon_core.package_discovery:discover_packages(path) discover
[1.367s] Level 1:colcon.colcon_core.package_discovery:discover_packages(path) using defaults
[1.444s] Level 1:colcon.colcon_core.package_discovery:discover_packages(prefix_path) check parameters
[1.445s] Level 1:colcon.colcon_core.package_discovery:discover_packages(prefix_path) discover
[1.457s] DEBUG:colcon.colcon_installed_package_information.package_discovery:Found 1 installed packages in /home/minibot/test_files_ros/install
[1.469s] DEBUG:colcon.colcon_installed_package_information.package_discovery:Found 364 installed packages in /opt/ros/humble
[1.513s] Level 1:colcon.colcon_core.package_discovery:discover_packages(prefix_path) using defaults
[1.725s] Level 5:colcon.colcon_core.verb:set package 'test_package' build argument 'cmake_args' from command line to 'None'
[1.726s] Level 5:colcon.colcon_core.verb:set package 'test_package' build argument 'cmake_target' from command line to 'None'
[1.726s] Level 5:colcon.colcon_core.verb:set package 'test_package' build argument 'cmake_target_skip_unavailable' from command line to 'False'
[1.726s] Level 5:colcon.colcon_core.verb:set package 'test_package' build argument 'cmake_clean_cache' from command line to 'False'
[1.726s] Level 5:colcon.colcon_core.verb:set package 'test_package' build argument 'cmake_clean_first' from command line to 'False'
[1.726s] Level 5:colcon.colcon_core.verb:set package 'test_package' build argument 'cmake_force_configure' from command line to 'False'
[1.726s] Level 5:colcon.colcon_core.verb:set package 'test_package' build argument 'ament_cmake_args' from command line to 'None'
[1.726s] Level 5:colcon.colcon_core.verb:set package 'test_package' build argument 'catkin_cmake_args' from command line to 'None'
[1.726s] Level 5:colcon.colcon_core.verb:set package 'test_package' build argument 'catkin_skip_building_tests' from command line to 'False'
[1.727s] DEBUG:colcon.colcon_core.verb:Building package 'test_package' with the following arguments: {'ament_cmake_args': None, 'build_base': '/home/minibot/test_files_ros/build/test_package', 'catkin_cmake_args': None, 'catkin_skip_building_tests': False, 'cmake_args': None, 'cmake_clean_cache': False, 'cmake_clean_first': False, 'cmake_force_configure': False, 'cmake_target': None, 'cmake_target_skip_unavailable': False, 'install_base': '/home/minibot/test_files_ros/install/test_package', 'merge_install': False, 'path': '/home/minibot/test_files_ros/src/test_package', 'symlink_install': False, 'test_result_base': None}
[1.728s] Level 5:colcon.colcon_core.verb:set package 'test_package_msgs' build argument 'cmake_args' from command line to 'None'
[1.728s] Level 5:colcon.colcon_core.verb:set package 'test_package_msgs' build argument 'cmake_target' from command line to 'None'
[1.729s] Level 5:colcon.colcon_core.verb:set package 'test_package_msgs' build argument 'cmake_target_skip_unavailable' from command line to 'False'
[1.729s] Level 5:colcon.colcon_core.verb:set package 'test_package_msgs' build argument 'cmake_clean_cache' from command line to 'False'
[1.729s] Level 5:colcon.colcon_core.verb:set package 'test_package_msgs' build argument 'cmake_clean_first' from command line to 'False'
[1.729s] Level 5:colcon.colcon_core.verb:set package 'test_package_msgs' build argument 'cmake_force_configure' from command line to 'False'
[1.729s] Level 5:colcon.colcon_core.verb:set package 'test_package_msgs' build argument 'ament_cmake_args' from command line to 'None'
[1.729s] Level 5:colcon.colcon_core.verb:set package 'test_package_msgs' build argument 'catkin_cmake_args' from command line to 'None'
[1.729s] Level 5:colcon.colcon_core.verb:set package 'test_package_msgs' build argument 'catkin_skip_building_tests' from command line to 'False'
[1.729s] DEBUG:colcon.colcon_core.verb:Building package 'test_package_msgs' with the following arguments: {'ament_cmake_args': None, 'build_base': '/home/minibot/test_files_ros/build/test_package_msgs', 'catkin_cmake_args': None, 'catkin_skip_building_tests': False, 'cmake_args': None, 'cmake_clean_cache': False, 'cmake_clean_first': False, 'cmake_force_configure': False, 'cmake_target': None, 'cmake_target_skip_unavailable': False, 'install_base': '/home/minibot/test_files_ros/install/test_package_msgs', 'merge_install': False, 'path': '/home/minibot/test_files_ros/src/test_package_msgs', 'symlink_install': False, 'test_result_base': None}
[1.730s] INFO:colcon.colcon_core.executor:Executing jobs using 'parallel' executor
[1.734s] DEBUG:colcon.colcon_parallel_executor.executor.parallel:run_until_complete
[1.734s] INFO:colcon.colcon_ros.task.ament_python.build:Building ROS package in '/home/minibot/test_files_ros/src/test_package' with build type 'ament_python'
[1.735s] Level 1:colcon.colcon_core.shell:create_environment_hook('test_package', 'ament_prefix_path')
[1.743s] INFO:colcon.colcon_core.plugin_system:Skipping extension 'colcon_core.shell.bat': Not used on non-Windows systems
[1.744s] INFO:colcon.colcon_core.shell:Creating environment hook '/home/minibot/test_files_ros/install/test_package/share/test_package/hook/ament_prefix_path.ps1'
[1.747s] INFO:colcon.colcon_core.shell:Creating environment descriptor '/home/minibot/test_files_ros/install/test_package/share/test_package/hook/ament_prefix_path.dsv'
[1.749s] INFO:colcon.colcon_core.shell:Creating environment hook '/home/minibot/test_files_ros/install/test_package/share/test_package/hook/ament_prefix_path.sh'
[1.753s] INFO:colcon.colcon_core.shell:Skip shell extension 'powershell' for command environment: Not usable outside of PowerShell
[1.753s] DEBUG:colcon.colcon_core.shell:Skip shell extension 'dsv' for command environment
[1.774s] INFO:colcon.colcon_ros.task.ament_cmake.build:Building ROS package in '/home/minibot/test_files_ros/src/test_package_msgs' with build type 'ament_cmake'
[1.775s] INFO:colcon.colcon_cmake.task.cmake.build:Building CMake package in '/home/minibot/test_files_ros/src/test_package_msgs'
[1.776s] INFO:colcon.colcon_core.shell:Skip shell extension 'powershell' for command environment: Not usable outside of PowerShell
[1.777s] DEBUG:colcon.colcon_core.shell:Skip shell extension 'dsv' for command environment
[2.976s] INFO:colcon.colcon_core.task.python.build:Building Python package in '/home/minibot/test_files_ros/src/test_package'
[2.977s] INFO:colcon.colcon_core.shell:Skip shell extension 'powershell' for command environment: Not usable outside of PowerShell
[2.978s] DEBUG:colcon.colcon_core.shell:Skip shell extension 'dsv' for command environment
[3.015s] DEBUG:colcon.colcon_core.event_handler.log_command:Invoking command in '/home/minibot/test_files_ros/build/test_package_msgs': CMAKE_PREFIX_PATH=/home/minibot/test_files_ros/install/test_package:/opt/ros/humble /usr/bin/cmake /home/minibot/test_files_ros/src/test_package_msgs -DCMAKE_INSTALL_PREFIX=/home/minibot/test_files_ros/install/test_package_msgs
[4.945s] DEBUG:colcon.colcon_core.event_handler.log_command:Invoking command in '/home/minibot/test_files_ros/src/test_package': PYTHONPATH=/home/minibot/test_files_ros/build/test_package/prefix_override:/home/minibot/test_files_ros/install/test_package/lib/python3.10/site-packages:${PYTHONPATH} /usr/bin/python3 -W ignore:setup.py install is deprecated setup.py egg_info --egg-base ../../build/test_package build --build-base /home/minibot/test_files_ros/build/test_package/build install --record /home/minibot/test_files_ros/build/test_package/install.log --single-version-externally-managed install_data
[6.643s] DEBUG:colcon.colcon_core.event_handler.log_command:Invoked command in '/home/minibot/test_files_ros/src/test_package' returned '0': PYTHONPATH=/home/minibot/test_files_ros/build/test_package/prefix_override:/home/minibot/test_files_ros/install/test_package/lib/python3.10/site-packages:${PYTHONPATH} /usr/bin/python3 -W ignore:setup.py install is deprecated setup.py egg_info --egg-base ../../build/test_package build --build-base /home/minibot/test_files_ros/build/test_package/build install --record /home/minibot/test_files_ros/build/test_package/install.log --single-version-externally-managed install_data
[6.649s] Level 1:colcon.colcon_core.environment:checking '/home/minibot/test_files_ros/install/test_package' for CMake module files
[6.652s] Level 1:colcon.colcon_core.environment:checking '/home/minibot/test_files_ros/install/test_package' for CMake config files
[6.659s] Level 1:colcon.colcon_core.environment:checking '/home/minibot/test_files_ros/install/test_package/lib'
[6.662s] Level 1:colcon.colcon_core.environment:checking '/home/minibot/test_files_ros/install/test_package/bin'
[6.662s] Level 1:colcon.colcon_core.environment:checking '/home/minibot/test_files_ros/install/test_package/lib/pkgconfig/test_package.pc'
[6.664s] Level 1:colcon.colcon_core.environment:checking '/home/minibot/test_files_ros/install/test_package/lib/python3.10/site-packages'
[6.665s] Level 1:colcon.colcon_core.shell:create_environment_hook('test_package', 'pythonpath')
[6.666s] INFO:colcon.colcon_core.shell:Creating environment hook '/home/minibot/test_files_ros/install/test_package/share/test_package/hook/pythonpath.ps1'
[6.668s] INFO:colcon.colcon_core.shell:Creating environment descriptor '/home/minibot/test_files_ros/install/test_package/share/test_package/hook/pythonpath.dsv'
[6.670s] INFO:colcon.colcon_core.shell:Creating environment hook '/home/minibot/test_files_ros/install/test_package/share/test_package/hook/pythonpath.sh'
[6.673s] Level 1:colcon.colcon_core.environment:checking '/home/minibot/test_files_ros/install/test_package/bin'
[6.673s] Level 1:colcon.colcon_core.environment:create_environment_scripts_only(test_package)
[6.675s] INFO:colcon.colcon_core.shell:Creating package script '/home/minibot/test_files_ros/install/test_package/share/test_package/package.ps1'
[6.678s] INFO:colcon.colcon_core.shell:Creating package descriptor '/home/minibot/test_files_ros/install/test_package/share/test_package/package.dsv'
[6.682s] INFO:colcon.colcon_core.shell:Creating package script '/home/minibot/test_files_ros/install/test_package/share/test_package/package.sh'
[6.685s] INFO:colcon.colcon_core.shell:Creating package script '/home/minibot/test_files_ros/install/test_package/share/test_package/package.bash'
[6.688s] INFO:colcon.colcon_core.shell:Creating package script '/home/minibot/test_files_ros/install/test_package/share/test_package/package.zsh'
[6.691s] Level 1:colcon.colcon_core.environment:create_file_with_runtime_dependencies(/home/minibot/test_files_ros/install/test_package/share/colcon-core/packages/test_package)
[8.566s] DEBUG:colcon.colcon_core.event_handler.log_command:Invoked command in '/home/minibot/test_files_ros/build/test_package_msgs' returned '0': CMAKE_PREFIX_PATH=/home/minibot/test_files_ros/install/test_package:/opt/ros/humble /usr/bin/cmake /home/minibot/test_files_ros/src/test_package_msgs -DCMAKE_INSTALL_PREFIX=/home/minibot/test_files_ros/install/test_package_msgs
[8.575s] DEBUG:colcon.colcon_core.event_handler.log_command:Invoking command in '/home/minibot/test_files_ros/build/test_package_msgs': CMAKE_PREFIX_PATH=/home/minibot/test_files_ros/install/test_package:/opt/ros/humble /usr/bin/cmake --build /home/minibot/test_files_ros/build/test_package_msgs -- -j4 -l4
[19.536s] DEBUG:colcon.colcon_core.event_handler.log_command:Invoked command in '/home/minibot/test_files_ros/build/test_package_msgs' returned '0': CMAKE_PREFIX_PATH=/home/minibot/test_files_ros/install/test_package:/opt/ros/humble /usr/bin/cmake --build /home/minibot/test_files_ros/build/test_package_msgs -- -j4 -l4
[19.933s] DEBUG:colcon.colcon_core.event_handler.log_command:Invoking command in '/home/minibot/test_files_ros/build/test_package_msgs': CMAKE_PREFIX_PATH=/home/minibot/test_files_ros/install/test_package:/opt/ros/humble /usr/bin/cmake --install /home/minibot/test_files_ros/build/test_package_msgs
[20.314s] Level 1:colcon.colcon_core.environment:create_environment_scripts_only(test_package_msgs)
[20.315s] Level 1:colcon.colcon_core.environment:checking '/home/minibot/test_files_ros/install/test_package_msgs' for CMake module files
[20.317s] DEBUG:colcon.colcon_core.event_handler.log_command:Invoked command in '/home/minibot/test_files_ros/build/test_package_msgs' returned '0': CMAKE_PREFIX_PATH=/home/minibot/test_files_ros/install/test_package:/opt/ros/humble /usr/bin/cmake --install /home/minibot/test_files_ros/build/test_package_msgs
[20.320s] Level 1:colcon.colcon_core.environment:checking '/home/minibot/test_files_ros/install/test_package_msgs' for CMake config files
[20.321s] Level 1:colcon.colcon_core.shell:create_environment_hook('test_package_msgs', 'cmake_prefix_path')
[20.323s] INFO:colcon.colcon_core.shell:Creating environment hook '/home/minibot/test_files_ros/install/test_package_msgs/share/test_package_msgs/hook/cmake_prefix_path.ps1'
[20.325s] INFO:colcon.colcon_core.shell:Creating environment descriptor '/home/minibot/test_files_ros/install/test_package_msgs/share/test_package_msgs/hook/cmake_prefix_path.dsv'
[20.326s] INFO:colcon.colcon_core.shell:Creating environment hook '/home/minibot/test_files_ros/install/test_package_msgs/share/test_package_msgs/hook/cmake_prefix_path.sh'
[20.329s] Level 1:colcon.colcon_core.environment:checking '/home/minibot/test_files_ros/install/test_package_msgs/lib'
[20.330s] Level 1:colcon.colcon_core.shell:create_environment_hook('test_package_msgs', 'ld_library_path_lib')
[20.331s] INFO:colcon.colcon_core.shell:Creating environment hook '/home/minibot/test_files_ros/install/test_package_msgs/share/test_package_msgs/hook/ld_library_path_lib.ps1'
[20.333s] INFO:colcon.colcon_core.shell:Creating environment descriptor '/home/minibot/test_files_ros/install/test_package_msgs/share/test_package_msgs/hook/ld_library_path_lib.dsv'
[20.334s] INFO:colcon.colcon_core.shell:Creating environment hook '/home/minibot/test_files_ros/install/test_package_msgs/share/test_package_msgs/hook/ld_library_path_lib.sh'
[20.337s] Level 1:colcon.colcon_core.environment:checking '/home/minibot/test_files_ros/install/test_package_msgs/bin'
[20.337s] Level 1:colcon.colcon_core.environment:checking '/home/minibot/test_files_ros/install/test_package_msgs/lib/pkgconfig/test_package_msgs.pc'
[20.338s] Level 1:colcon.colcon_core.environment:checking '/home/minibot/test_files_ros/install/test_package_msgs/lib/python3.10/site-packages'
[20.339s] Level 1:colcon.colcon_core.environment:checking '/home/minibot/test_files_ros/install/test_package_msgs/bin'
[20.341s] INFO:colcon.colcon_core.shell:Creating package script '/home/minibot/test_files_ros/install/test_package_msgs/share/test_package_msgs/package.ps1'
[20.343s] INFO:colcon.colcon_core.shell:Creating package descriptor '/home/minibot/test_files_ros/install/test_package_msgs/share/test_package_msgs/package.dsv'
[20.349s] INFO:colcon.colcon_core.shell:Creating package script '/home/minibot/test_files_ros/install/test_package_msgs/share/test_package_msgs/package.sh'
[20.351s] INFO:colcon.colcon_core.shell:Creating package script '/home/minibot/test_files_ros/install/test_package_msgs/share/test_package_msgs/package.bash'
[20.353s] INFO:colcon.colcon_core.shell:Creating package script '/home/minibot/test_files_ros/install/test_package_msgs/share/test_package_msgs/package.zsh'
[20.354s] Level 1:colcon.colcon_core.environment:create_file_with_runtime_dependencies(/home/minibot/test_files_ros/install/test_package_msgs/share/colcon-core/packages/test_package_msgs)
[20.695s] Level 1:colcon.colcon_core.environment:create_environment_scripts_only(test_package_msgs)
[20.696s] Level 1:colcon.colcon_core.environment:checking '/home/minibot/test_files_ros/install/test_package_msgs' for CMake module files
[20.701s] Level 1:colcon.colcon_core.environment:checking '/home/minibot/test_files_ros/install/test_package_msgs' for CMake config files
[20.702s] Level 1:colcon.colcon_core.shell:create_environment_hook('test_package_msgs', 'cmake_prefix_path')
[20.703s] INFO:colcon.colcon_core.shell:Creating environment hook '/home/minibot/test_files_ros/install/test_package_msgs/share/test_package_msgs/hook/cmake_prefix_path.ps1'
[20.705s] INFO:colcon.colcon_core.shell:Creating environment descriptor '/home/minibot/test_files_ros/install/test_package_msgs/share/test_package_msgs/hook/cmake_prefix_path.dsv'
[20.707s] INFO:colcon.colcon_core.shell:Creating environment hook '/home/minibot/test_files_ros/install/test_package_msgs/share/test_package_msgs/hook/cmake_prefix_path.sh'
[20.709s] Level 1:colcon.colcon_core.environment:checking '/home/minibot/test_files_ros/install/test_package_msgs/lib'
[20.710s] Level 1:colcon.colcon_core.shell:create_environment_hook('test_package_msgs', 'ld_library_path_lib')
[20.711s] INFO:colcon.colcon_core.shell:Creating environment hook '/home/minibot/test_files_ros/install/test_package_msgs/share/test_package_msgs/hook/ld_library_path_lib.ps1'
[20.713s] INFO:colcon.colcon_core.shell:Creating environment descriptor '/home/minibot/test_files_ros/install/test_package_msgs/share/test_package_msgs/hook/ld_library_path_lib.dsv'
[20.714s] INFO:colcon.colcon_core.shell:Creating environment hook '/home/minibot/test_files_ros/install/test_package_msgs/share/test_package_msgs/hook/ld_library_path_lib.sh'
[20.716s] Level 1:colcon.colcon_core.environment:checking '/home/minibot/test_files_ros/install/test_package_msgs/bin'
[20.716s] Level 1:colcon.colcon_core.environment:checking '/home/minibot/test_files_ros/install/test_package_msgs/lib/pkgconfig/test_package_msgs.pc'
[20.717s] Level 1:colcon.colcon_core.environment:checking '/home/minibot/test_files_ros/install/test_package_msgs/lib/python3.10/site-packages'
[20.718s] Level 1:colcon.colcon_core.environment:checking '/home/minibot/test_files_ros/install/test_package_msgs/bin'
[20.719s] INFO:colcon.colcon_core.shell:Creating package script '/home/minibot/test_files_ros/install/test_package_msgs/share/test_package_msgs/package.ps1'
[20.722s] INFO:colcon.colcon_core.shell:Creating package descriptor '/home/minibot/test_files_ros/install/test_package_msgs/share/test_package_msgs/package.dsv'
[20.724s] INFO:colcon.colcon_core.shell:Creating package script '/home/minibot/test_files_ros/install/test_package_msgs/share/test_package_msgs/package.sh'
[20.726s] INFO:colcon.colcon_core.shell:Creating package script '/home/minibot/test_files_ros/install/test_package_msgs/share/test_package_msgs/package.bash'
[20.728s] INFO:colcon.colcon_core.shell:Creating package script '/home/minibot/test_files_ros/install/test_package_msgs/share/test_package_msgs/package.zsh'
[20.730s] Level 1:colcon.colcon_core.environment:create_file_with_runtime_dependencies(/home/minibot/test_files_ros/install/test_package_msgs/share/colcon-core/packages/test_package_msgs)
[20.731s] DEBUG:colcon.colcon_parallel_executor.executor.parallel:closing loop
[20.733s] DEBUG:colcon.colcon_parallel_executor.executor.parallel:loop closed
[20.733s] DEBUG:colcon.colcon_parallel_executor.executor.parallel:run_until_complete finished with '0'
[20.733s] DEBUG:colcon.colcon_core.event_reactor:joining thread
[20.754s] INFO:colcon.colcon_core.plugin_system:Skipping extension 'colcon_notification.desktop_notification.terminal_notifier': Not used on non-Darwin systems
[20.754s] INFO:colcon.colcon_core.plugin_system:Skipping extension 'colcon_notification.desktop_notification.win32': Not used on non-Windows systems
[20.755s] INFO:colcon.colcon_notification.desktop_notification:Sending desktop notification using 'notify2'
[20.806s] DEBUG:colcon.colcon_core.event_reactor:joined thread
[20.808s] INFO:colcon.colcon_core.shell:Creating prefix script '/home/minibot/test_files_ros/install/local_setup.ps1'
[20.814s] INFO:colcon.colcon_core.shell:Creating prefix util module '/home/minibot/test_files_ros/install/_local_setup_util_ps1.py'
[20.820s] INFO:colcon.colcon_core.shell:Creating prefix chain script '/home/minibot/test_files_ros/install/setup.ps1'
[20.826s] INFO:colcon.colcon_core.shell:Creating prefix script '/home/minibot/test_files_ros/install/local_setup.sh'
[20.828s] INFO:colcon.colcon_core.shell:Creating prefix util module '/home/minibot/test_files_ros/install/_local_setup_util_sh.py'
[20.831s] INFO:colcon.colcon_core.shell:Creating prefix chain script '/home/minibot/test_files_ros/install/setup.sh'
[20.836s] INFO:colcon.colcon_core.shell:Creating prefix script '/home/minibot/test_files_ros/install/local_setup.bash'
[20.838s] INFO:colcon.colcon_core.shell:Creating prefix chain script '/home/minibot/test_files_ros/install/setup.bash'
[20.843s] INFO:colcon.colcon_core.shell:Creating prefix script '/home/minibot/test_files_ros/install/local_setup.zsh'
[20.845s] INFO:colcon.colcon_core.shell:Creating prefix chain script '/home/minibot/test_files_ros/install/setup.zsh'
