[0.466s] DEBUG:colcon:Command line arguments: ['/usr/bin/colcon', 'build']
[0.467s] DEBUG:colcon:Parsed command line arguments: Namespace(log_base=None, log_level=None, verb_name='build', build_base='build', install_base='install', merge_install=False, symlink_install=False, test_result_base=None, continue_on_error=False, executor='parallel', parallel_workers=4, event_handlers=None, ignore_user_meta=False, metas=['./colcon.meta'], base_paths=['.'], packages_ignore=None, packages_ignore_regex=None, paths=None, packages_up_to=None, packages_up_to_regex=None, packages_above=None, packages_above_and_dependencies=None, packages_above_depth=None, packages_select_by_dep=None, packages_skip_by_dep=None, packages_skip_up_to=None, packages_select_build_failed=False, packages_skip_build_finished=False, packages_select_test_failures=False, packages_skip_test_passed=False, packages_select=None, packages_skip=None, packages_select_regex=None, packages_skip_regex=None, packages_start=None, packages_end=None, allow_overriding=[], cmake_args=None, cmake_target=None, cmake_target_skip_unavailable=False, cmake_clean_cache=False, cmake_clean_first=False, cmake_force_configure=False, ament_cmake_args=None, catkin_cmake_args=None, catkin_skip_building_tests=False, verb_parser=<colcon_defaults.argument_parser.defaults.DefaultArgumentsDecorator object at 0xffffa07aba60>, verb_extension=<colcon_core.verb.build.BuildVerb object at 0xffffa07aac50>, main=<bound method BuildVerb.main of <colcon_core.verb.build.BuildVerb object at 0xffffa07aac50>>)
[1.372s] Level 1:colcon.colcon_core.package_discovery:discover_packages(colcon_meta) check parameters
[1.372s] Level 1:colcon.colcon_core.package_discovery:discover_packages(recursive) check parameters
[1.372s] Level 1:colcon.colcon_core.package_discovery:discover_packages(ignore) check parameters
[1.373s] Level 1:colcon.colcon_core.package_discovery:discover_packages(path) check parameters
[1.373s] Level 1:colcon.colcon_core.package_discovery:discover_packages(colcon_meta) discover
[1.373s] Level 1:colcon.colcon_core.package_discovery:discover_packages(recursive) discover
[1.373s] INFO:colcon.colcon_core.package_discovery:Crawling recursively for packages in '/home/minibot/ros2_test'
[1.374s] Level 1:colcon.colcon_core.package_identification:_identify(.) by extensions ['ignore', 'ignore_ament_install']
[1.374s] Level 1:colcon.colcon_core.package_identification:_identify(.) by extension 'ignore'
[1.375s] Level 1:colcon.colcon_core.package_identification:_identify(.) by extension 'ignore_ament_install'
[1.375s] Level 1:colcon.colcon_core.package_identification:_identify(.) by extensions ['colcon_pkg']
[1.375s] Level 1:colcon.colcon_core.package_identification:_identify(.) by extension 'colcon_pkg'
[1.375s] Level 1:colcon.colcon_core.package_identification:_identify(.) by extensions ['colcon_meta']
[1.376s] Level 1:colcon.colcon_core.package_identification:_identify(.) by extension 'colcon_meta'
[1.376s] Level 1:colcon.colcon_core.package_identification:_identify(.) by extensions ['ros']
[1.376s] Level 1:colcon.colcon_core.package_identification:_identify(.) by extension 'ros'
[1.423s] Level 1:colcon.colcon_core.package_identification:_identify(.) by extensions ['cmake', 'python']
[1.424s] Level 1:colcon.colcon_core.package_identification:_identify(.) by extension 'cmake'
[1.424s] Level 1:colcon.colcon_core.package_identification:_identify(.) by extension 'python'
[1.424s] Level 1:colcon.colcon_core.package_identification:_identify(.) by extensions ['python_setup_py']
[1.424s] Level 1:colcon.colcon_core.package_identification:_identify(.) by extension 'python_setup_py'
[1.425s] Level 1:colcon.colcon_core.package_identification:_identify(build) by extensions ['ignore', 'ignore_ament_install']
[1.425s] Level 1:colcon.colcon_core.package_identification:_identify(build) by extension 'ignore'
[1.425s] Level 1:colcon.colcon_core.package_identification:_identify(build) ignored
[1.426s] Level 1:colcon.colcon_core.package_identification:_identify(install) by extensions ['ignore', 'ignore_ament_install']
[1.426s] Level 1:colcon.colcon_core.package_identification:_identify(install) by extension 'ignore'
[1.427s] Level 1:colcon.colcon_core.package_identification:_identify(install) ignored
[1.427s] Level 1:colcon.colcon_core.package_identification:_identify(log) by extensions ['ignore', 'ignore_ament_install']
[1.427s] Level 1:colcon.colcon_core.package_identification:_identify(log) by extension 'ignore'
[1.428s] Level 1:colcon.colcon_core.package_identification:_identify(log) ignored
[1.428s] Level 1:colcon.colcon_core.package_identification:_identify(src) by extensions ['ignore', 'ignore_ament_install']
[1.428s] Level 1:colcon.colcon_core.package_identification:_identify(src) by extension 'ignore'
[1.429s] Level 1:colcon.colcon_core.package_identification:_identify(src) by extension 'ignore_ament_install'
[1.429s] Level 1:colcon.colcon_core.package_identification:_identify(src) by extensions ['colcon_pkg']
[1.429s] Level 1:colcon.colcon_core.package_identification:_identify(src) by extension 'colcon_pkg'
[1.429s] Level 1:colcon.colcon_core.package_identification:_identify(src) by extensions ['colcon_meta']
[1.429s] Level 1:colcon.colcon_core.package_identification:_identify(src) by extension 'colcon_meta'
[1.430s] Level 1:colcon.colcon_core.package_identification:_identify(src) by extensions ['ros']
[1.430s] Level 1:colcon.colcon_core.package_identification:_identify(src) by extension 'ros'
[1.430s] Level 1:colcon.colcon_core.package_identification:_identify(src) by extensions ['cmake', 'python']
[1.430s] Level 1:colcon.colcon_core.package_identification:_identify(src) by extension 'cmake'
[1.430s] Level 1:colcon.colcon_core.package_identification:_identify(src) by extension 'python'
[1.431s] Level 1:colcon.colcon_core.package_identification:_identify(src) by extensions ['python_setup_py']
[1.431s] Level 1:colcon.colcon_core.package_identification:_identify(src) by extension 'python_setup_py'
[1.431s] Level 1:colcon.colcon_core.package_identification:_identify(src/test_package) by extensions ['ignore', 'ignore_ament_install']
[1.432s] Level 1:colcon.colcon_core.package_identification:_identify(src/test_package) by extension 'ignore'
[1.432s] Level 1:colcon.colcon_core.package_identification:_identify(src/test_package) by extension 'ignore_ament_install'
[1.432s] Level 1:colcon.colcon_core.package_identification:_identify(src/test_package) by extensions ['colcon_pkg']
[1.432s] Level 1:colcon.colcon_core.package_identification:_identify(src/test_package) by extension 'colcon_pkg'
[1.432s] Level 1:colcon.colcon_core.package_identification:_identify(src/test_package) by extensions ['colcon_meta']
[1.433s] Level 1:colcon.colcon_core.package_identification:_identify(src/test_package) by extension 'colcon_meta'
[1.433s] Level 1:colcon.colcon_core.package_identification:_identify(src/test_package) by extensions ['ros']
[1.433s] Level 1:colcon.colcon_core.package_identification:_identify(src/test_package) by extension 'ros'
[1.445s] DEBUG:colcon.colcon_core.package_identification:Package 'src/test_package' with type 'ros.ament_python' and name 'test_package'
[1.445s] Level 1:colcon.colcon_core.package_discovery:discover_packages(recursive) using defaults
[1.446s] Level 1:colcon.colcon_core.package_discovery:discover_packages(ignore) discover
[1.446s] Level 1:colcon.colcon_core.package_discovery:discover_packages(ignore) using defaults
[1.446s] Level 1:colcon.colcon_core.package_discovery:discover_packages(path) discover
[1.446s] Level 1:colcon.colcon_core.package_discovery:discover_packages(path) using defaults
[1.557s] Level 1:colcon.colcon_core.package_discovery:discover_packages(prefix_path) check parameters
[1.557s] Level 1:colcon.colcon_core.package_discovery:discover_packages(prefix_path) discover
[1.565s] Level 1:colcon.colcon_core.package_discovery:discover_packages(prefix_path) using defaults
[1.572s] Level 5:colcon.colcon_core.verb:set package 'test_package' build argument 'cmake_args' from command line to 'None'
[1.572s] Level 5:colcon.colcon_core.verb:set package 'test_package' build argument 'cmake_target' from command line to 'None'
[1.572s] Level 5:colcon.colcon_core.verb:set package 'test_package' build argument 'cmake_target_skip_unavailable' from command line to 'False'
[1.572s] Level 5:colcon.colcon_core.verb:set package 'test_package' build argument 'cmake_clean_cache' from command line to 'False'
[1.572s] Level 5:colcon.colcon_core.verb:set package 'test_package' build argument 'cmake_clean_first' from command line to 'False'
[1.572s] Level 5:colcon.colcon_core.verb:set package 'test_package' build argument 'cmake_force_configure' from command line to 'False'
[1.572s] Level 5:colcon.colcon_core.verb:set package 'test_package' build argument 'ament_cmake_args' from command line to 'None'
[1.573s] Level 5:colcon.colcon_core.verb:set package 'test_package' build argument 'catkin_cmake_args' from command line to 'None'
[1.573s] Level 5:colcon.colcon_core.verb:set package 'test_package' build argument 'catkin_skip_building_tests' from command line to 'False'
[1.573s] DEBUG:colcon.colcon_core.verb:Building package 'test_package' with the following arguments: {'ament_cmake_args': None, 'build_base': '/home/minibot/ros2_test/build/test_package', 'catkin_cmake_args': None, 'catkin_skip_building_tests': False, 'cmake_args': None, 'cmake_clean_cache': False, 'cmake_clean_first': False, 'cmake_force_configure': False, 'cmake_target': None, 'cmake_target_skip_unavailable': False, 'install_base': '/home/minibot/ros2_test/install/test_package', 'merge_install': False, 'path': '/home/minibot/ros2_test/src/test_package', 'symlink_install': False, 'test_result_base': None}
[1.574s] INFO:colcon.colcon_core.executor:Executing jobs using 'parallel' executor
[1.578s] DEBUG:colcon.colcon_parallel_executor.executor.parallel:run_until_complete
[1.579s] INFO:colcon.colcon_ros.task.ament_python.build:Building ROS package in '/home/minibot/ros2_test/src/test_package' with build type 'ament_python'
[1.580s] Level 1:colcon.colcon_core.shell:create_environment_hook('test_package', 'ament_prefix_path')
[1.596s] INFO:colcon.colcon_core.plugin_system:Skipping extension 'colcon_core.shell.bat': Not used on non-Windows systems
[1.597s] INFO:colcon.colcon_core.shell:Creating environment hook '/home/minibot/ros2_test/install/test_package/share/test_package/hook/ament_prefix_path.ps1'
[1.601s] INFO:colcon.colcon_core.shell:Creating environment descriptor '/home/minibot/ros2_test/install/test_package/share/test_package/hook/ament_prefix_path.dsv'
[1.605s] INFO:colcon.colcon_core.shell:Creating environment hook '/home/minibot/ros2_test/install/test_package/share/test_package/hook/ament_prefix_path.sh'
[1.611s] INFO:colcon.colcon_core.shell:Skip shell extension 'powershell' for command environment: Not usable outside of PowerShell
[1.611s] DEBUG:colcon.colcon_core.shell:Skip shell extension 'dsv' for command environment
[2.533s] INFO:colcon.colcon_core.task.python.build:Building Python package in '/home/minibot/ros2_test/src/test_package'
[2.534s] INFO:colcon.colcon_core.shell:Skip shell extension 'powershell' for command environment: Not usable outside of PowerShell
[2.534s] DEBUG:colcon.colcon_core.shell:Skip shell extension 'dsv' for command environment
[4.465s] DEBUG:colcon.colcon_core.event_handler.log_command:Invoking command in '/home/minibot/ros2_test/src/test_package': PYTHONPATH=/home/minibot/ros2_test/build/test_package/prefix_override:/home/minibot/ros2_test/install/test_package/lib/python3.10/site-packages: /usr/bin/python3 -W ignore:setup.py install is deprecated setup.py egg_info --egg-base ../../build/test_package build --build-base /home/minibot/ros2_test/build/test_package/build install --record /home/minibot/ros2_test/build/test_package/install.log --single-version-externally-managed install_data
[5.512s] DEBUG:colcon.colcon_core.event_handler.log_command:Invoked command in '/home/minibot/ros2_test/src/test_package' returned '0': PYTHONPATH=/home/minibot/ros2_test/build/test_package/prefix_override:/home/minibot/ros2_test/install/test_package/lib/python3.10/site-packages: /usr/bin/python3 -W ignore:setup.py install is deprecated setup.py egg_info --egg-base ../../build/test_package build --build-base /home/minibot/ros2_test/build/test_package/build install --record /home/minibot/ros2_test/build/test_package/install.log --single-version-externally-managed install_data
[5.532s] Level 1:colcon.colcon_core.environment:checking '/home/minibot/ros2_test/install/test_package' for CMake module files
[5.535s] Level 1:colcon.colcon_core.environment:checking '/home/minibot/ros2_test/install/test_package' for CMake config files
[5.539s] Level 1:colcon.colcon_core.environment:checking '/home/minibot/ros2_test/install/test_package/lib'
[5.540s] Level 1:colcon.colcon_core.environment:checking '/home/minibot/ros2_test/install/test_package/bin'
[5.541s] Level 1:colcon.colcon_core.environment:checking '/home/minibot/ros2_test/install/test_package/lib/pkgconfig/test_package.pc'
[5.542s] Level 1:colcon.colcon_core.environment:checking '/home/minibot/ros2_test/install/test_package/lib/python3.10/site-packages'
[5.542s] Level 1:colcon.colcon_core.shell:create_environment_hook('test_package', 'pythonpath')
[5.544s] INFO:colcon.colcon_core.shell:Creating environment hook '/home/minibot/ros2_test/install/test_package/share/test_package/hook/pythonpath.ps1'
[5.546s] INFO:colcon.colcon_core.shell:Creating environment descriptor '/home/minibot/ros2_test/install/test_package/share/test_package/hook/pythonpath.dsv'
[5.548s] INFO:colcon.colcon_core.shell:Creating environment hook '/home/minibot/ros2_test/install/test_package/share/test_package/hook/pythonpath.sh'
[5.551s] Level 1:colcon.colcon_core.environment:checking '/home/minibot/ros2_test/install/test_package/bin'
[5.551s] Level 1:colcon.colcon_core.environment:create_environment_scripts_only(test_package)
[5.553s] INFO:colcon.colcon_core.shell:Creating package script '/home/minibot/ros2_test/install/test_package/share/test_package/package.ps1'
[5.558s] INFO:colcon.colcon_core.shell:Creating package descriptor '/home/minibot/ros2_test/install/test_package/share/test_package/package.dsv'
[5.562s] INFO:colcon.colcon_core.shell:Creating package script '/home/minibot/ros2_test/install/test_package/share/test_package/package.sh'
[5.567s] INFO:colcon.colcon_core.shell:Creating package script '/home/minibot/ros2_test/install/test_package/share/test_package/package.bash'
[5.572s] INFO:colcon.colcon_core.shell:Creating package script '/home/minibot/ros2_test/install/test_package/share/test_package/package.zsh'
[5.577s] Level 1:colcon.colcon_core.environment:create_file_with_runtime_dependencies(/home/minibot/ros2_test/install/test_package/share/colcon-core/packages/test_package)
[5.578s] DEBUG:colcon.colcon_parallel_executor.executor.parallel:closing loop
[5.579s] DEBUG:colcon.colcon_parallel_executor.executor.parallel:loop closed
[5.579s] DEBUG:colcon.colcon_parallel_executor.executor.parallel:run_until_complete finished with '0'
[5.580s] DEBUG:colcon.colcon_core.event_reactor:joining thread
[5.609s] INFO:colcon.colcon_core.plugin_system:Skipping extension 'colcon_notification.desktop_notification.terminal_notifier': Not used on non-Darwin systems
[5.609s] INFO:colcon.colcon_core.plugin_system:Skipping extension 'colcon_notification.desktop_notification.win32': Not used on non-Windows systems
[5.610s] INFO:colcon.colcon_notification.desktop_notification:Sending desktop notification using 'notify2'
[5.694s] DEBUG:colcon.colcon_core.event_reactor:joined thread
[5.695s] INFO:colcon.colcon_core.shell:Creating prefix script '/home/minibot/ros2_test/install/local_setup.ps1'
[5.701s] INFO:colcon.colcon_core.shell:Creating prefix util module '/home/minibot/ros2_test/install/_local_setup_util_ps1.py'
[5.710s] INFO:colcon.colcon_core.shell:Creating prefix chain script '/home/minibot/ros2_test/install/setup.ps1'
[5.716s] INFO:colcon.colcon_core.shell:Creating prefix script '/home/minibot/ros2_test/install/local_setup.sh'
[5.721s] INFO:colcon.colcon_core.shell:Creating prefix util module '/home/minibot/ros2_test/install/_local_setup_util_sh.py'
[5.724s] INFO:colcon.colcon_core.shell:Creating prefix chain script '/home/minibot/ros2_test/install/setup.sh'
[5.730s] INFO:colcon.colcon_core.shell:Creating prefix script '/home/minibot/ros2_test/install/local_setup.bash'
[5.735s] INFO:colcon.colcon_core.shell:Creating prefix chain script '/home/minibot/ros2_test/install/setup.bash'
[5.741s] INFO:colcon.colcon_core.shell:Creating prefix script '/home/minibot/ros2_test/install/local_setup.zsh'
[5.806s] INFO:colcon.colcon_core.shell:Creating prefix chain script '/home/minibot/ros2_test/install/setup.zsh'
