[0.450s] DEBUG:colcon:Command line arguments: ['/usr/bin/colcon', 'build']
[0.450s] DEBUG:colcon:Parsed command line arguments: Namespace(log_base=None, log_level=None, verb_name='build', build_base='build', install_base='install', merge_install=False, symlink_install=False, test_result_base=None, continue_on_error=False, executor='parallel', parallel_workers=4, event_handlers=None, ignore_user_meta=False, metas=['./colcon.meta'], base_paths=['.'], packages_ignore=None, packages_ignore_regex=None, paths=None, packages_up_to=None, packages_up_to_regex=None, packages_above=None, packages_above_and_dependencies=None, packages_above_depth=None, packages_select_by_dep=None, packages_skip_by_dep=None, packages_skip_up_to=None, packages_select_build_failed=False, packages_skip_build_finished=False, packages_select_test_failures=False, packages_skip_test_passed=False, packages_select=None, packages_skip=None, packages_select_regex=None, packages_skip_regex=None, packages_start=None, packages_end=None, allow_overriding=[], cmake_args=None, cmake_target=None, cmake_target_skip_unavailable=False, cmake_clean_cache=False, cmake_clean_first=False, cmake_force_configure=False, ament_cmake_args=None, catkin_cmake_args=None, catkin_skip_building_tests=False, verb_parser=<colcon_defaults.argument_parser.defaults.DefaultArgumentsDecorator object at 0xffffa6f14e50>, verb_extension=<colcon_core.verb.build.BuildVerb object at 0xffffa6f14040>, main=<bound method BuildVerb.main of <colcon_core.verb.build.BuildVerb object at 0xffffa6f14040>>)
[1.319s] Level 1:colcon.colcon_core.package_discovery:discover_packages(colcon_meta) check parameters
[1.320s] Level 1:colcon.colcon_core.package_discovery:discover_packages(recursive) check parameters
[1.320s] Level 1:colcon.colcon_core.package_discovery:discover_packages(ignore) check parameters
[1.320s] Level 1:colcon.colcon_core.package_discovery:discover_packages(path) check parameters
[1.320s] Level 1:colcon.colcon_core.package_discovery:discover_packages(colcon_meta) discover
[1.321s] Level 1:colcon.colcon_core.package_discovery:discover_packages(recursive) discover
[1.321s] INFO:colcon.colcon_core.package_discovery:Crawling recursively for packages in '/home/minibot/test_files_ros'
[1.321s] Level 1:colcon.colcon_core.package_identification:_identify(.) by extensions ['ignore', 'ignore_ament_install']
[1.322s] Level 1:colcon.colcon_core.package_identification:_identify(.) by extension 'ignore'
[1.322s] Level 1:colcon.colcon_core.package_identification:_identify(.) by extension 'ignore_ament_install'
[1.322s] Level 1:colcon.colcon_core.package_identification:_identify(.) by extensions ['colcon_pkg']
[1.322s] Level 1:colcon.colcon_core.package_identification:_identify(.) by extension 'colcon_pkg'
[1.323s] Level 1:colcon.colcon_core.package_identification:_identify(.) by extensions ['colcon_meta']
[1.323s] Level 1:colcon.colcon_core.package_identification:_identify(.) by extension 'colcon_meta'
[1.323s] Level 1:colcon.colcon_core.package_identification:_identify(.) by extensions ['ros']
[1.323s] Level 1:colcon.colcon_core.package_identification:_identify(.) by extension 'ros'
[1.370s] Level 1:colcon.colcon_core.package_identification:_identify(.) by extensions ['cmake', 'python']
[1.370s] Level 1:colcon.colcon_core.package_identification:_identify(.) by extension 'cmake'
[1.370s] Level 1:colcon.colcon_core.package_identification:_identify(.) by extension 'python'
[1.371s] Level 1:colcon.colcon_core.package_identification:_identify(.) by extensions ['python_setup_py']
[1.371s] Level 1:colcon.colcon_core.package_identification:_identify(.) by extension 'python_setup_py'
[1.371s] Level 1:colcon.colcon_core.package_identification:_identify(build) by extensions ['ignore', 'ignore_ament_install']
[1.372s] Level 1:colcon.colcon_core.package_identification:_identify(build) by extension 'ignore'
[1.372s] Level 1:colcon.colcon_core.package_identification:_identify(build) ignored
[1.373s] Level 1:colcon.colcon_core.package_identification:_identify(install) by extensions ['ignore', 'ignore_ament_install']
[1.373s] Level 1:colcon.colcon_core.package_identification:_identify(install) by extension 'ignore'
[1.373s] Level 1:colcon.colcon_core.package_identification:_identify(install) ignored
[1.374s] Level 1:colcon.colcon_core.package_identification:_identify(log) by extensions ['ignore', 'ignore_ament_install']
[1.374s] Level 1:colcon.colcon_core.package_identification:_identify(log) by extension 'ignore'
[1.375s] Level 1:colcon.colcon_core.package_identification:_identify(log) ignored
[1.375s] Level 1:colcon.colcon_core.package_identification:_identify(src) by extensions ['ignore', 'ignore_ament_install']
[1.375s] Level 1:colcon.colcon_core.package_identification:_identify(src) by extension 'ignore'
[1.376s] Level 1:colcon.colcon_core.package_identification:_identify(src) by extension 'ignore_ament_install'
[1.376s] Level 1:colcon.colcon_core.package_identification:_identify(src) by extensions ['colcon_pkg']
[1.376s] Level 1:colcon.colcon_core.package_identification:_identify(src) by extension 'colcon_pkg'
[1.376s] Level 1:colcon.colcon_core.package_identification:_identify(src) by extensions ['colcon_meta']
[1.376s] Level 1:colcon.colcon_core.package_identification:_identify(src) by extension 'colcon_meta'
[1.376s] Level 1:colcon.colcon_core.package_identification:_identify(src) by extensions ['ros']
[1.377s] Level 1:colcon.colcon_core.package_identification:_identify(src) by extension 'ros'
[1.377s] Level 1:colcon.colcon_core.package_identification:_identify(src) by extensions ['cmake', 'python']
[1.377s] Level 1:colcon.colcon_core.package_identification:_identify(src) by extension 'cmake'
[1.377s] Level 1:colcon.colcon_core.package_identification:_identify(src) by extension 'python'
[1.377s] Level 1:colcon.colcon_core.package_identification:_identify(src) by extensions ['python_setup_py']
[1.378s] Level 1:colcon.colcon_core.package_identification:_identify(src) by extension 'python_setup_py'
[1.378s] Level 1:colcon.colcon_core.package_identification:_identify(src/test_package) by extensions ['ignore', 'ignore_ament_install']
[1.378s] Level 1:colcon.colcon_core.package_identification:_identify(src/test_package) by extension 'ignore'
[1.379s] Level 1:colcon.colcon_core.package_identification:_identify(src/test_package) by extension 'ignore_ament_install'
[1.379s] Level 1:colcon.colcon_core.package_identification:_identify(src/test_package) by extensions ['colcon_pkg']
[1.379s] Level 1:colcon.colcon_core.package_identification:_identify(src/test_package) by extension 'colcon_pkg'
[1.379s] Level 1:colcon.colcon_core.package_identification:_identify(src/test_package) by extensions ['colcon_meta']
[1.379s] Level 1:colcon.colcon_core.package_identification:_identify(src/test_package) by extension 'colcon_meta'
[1.380s] Level 1:colcon.colcon_core.package_identification:_identify(src/test_package) by extensions ['ros']
[1.380s] Level 1:colcon.colcon_core.package_identification:_identify(src/test_package) by extension 'ros'
[1.388s] DEBUG:colcon.colcon_core.package_identification:Package 'src/test_package' with type 'ros.ament_python' and name 'test_package'
[1.388s] Level 1:colcon.colcon_core.package_identification:_identify(src/test_package_msgs) by extensions ['ignore', 'ignore_ament_install']
[1.389s] Level 1:colcon.colcon_core.package_identification:_identify(src/test_package_msgs) by extension 'ignore'
[1.389s] Level 1:colcon.colcon_core.package_identification:_identify(src/test_package_msgs) by extension 'ignore_ament_install'
[1.389s] Level 1:colcon.colcon_core.package_identification:_identify(src/test_package_msgs) by extensions ['colcon_pkg']
[1.390s] Level 1:colcon.colcon_core.package_identification:_identify(src/test_package_msgs) by extension 'colcon_pkg'
[1.390s] Level 1:colcon.colcon_core.package_identification:_identify(src/test_package_msgs) by extensions ['colcon_meta']
[1.390s] Level 1:colcon.colcon_core.package_identification:_identify(src/test_package_msgs) by extension 'colcon_meta'
[1.390s] Level 1:colcon.colcon_core.package_identification:_identify(src/test_package_msgs) by extensions ['ros']
[1.390s] Level 1:colcon.colcon_core.package_identification:_identify(src/test_package_msgs) by extension 'ros'
[1.392s] DEBUG:colcon.colcon_core.package_identification:Package 'src/test_package_msgs' with type 'ros.ament_cmake' and name 'test_package_msgs'
[1.393s] Level 1:colcon.colcon_core.package_discovery:discover_packages(recursive) using defaults
[1.393s] Level 1:colcon.colcon_core.package_discovery:discover_packages(ignore) discover
[1.393s] Level 1:colcon.colcon_core.package_discovery:discover_packages(ignore) using defaults
[1.393s] Level 1:colcon.colcon_core.package_discovery:discover_packages(path) discover
[1.393s] Level 1:colcon.colcon_core.package_discovery:discover_packages(path) using defaults
[1.471s] Level 1:colcon.colcon_core.package_discovery:discover_packages(prefix_path) check parameters
[1.472s] Level 1:colcon.colcon_core.package_discovery:discover_packages(prefix_path) discover
[1.485s] DEBUG:colcon.colcon_installed_package_information.package_discovery:Found 2 installed packages in /home/minibot/test_files_ros/install
[1.497s] DEBUG:colcon.colcon_installed_package_information.package_discovery:Found 364 installed packages in /opt/ros/humble
[1.543s] Level 1:colcon.colcon_core.package_discovery:discover_packages(prefix_path) using defaults
[1.770s] Level 5:colcon.colcon_core.verb:set package 'test_package' build argument 'cmake_args' from command line to 'None'
[1.770s] Level 5:colcon.colcon_core.verb:set package 'test_package' build argument 'cmake_target' from command line to 'None'
[1.770s] Level 5:colcon.colcon_core.verb:set package 'test_package' build argument 'cmake_target_skip_unavailable' from command line to 'False'
[1.770s] Level 5:colcon.colcon_core.verb:set package 'test_package' build argument 'cmake_clean_cache' from command line to 'False'
[1.770s] Level 5:colcon.colcon_core.verb:set package 'test_package' build argument 'cmake_clean_first' from command line to 'False'
[1.771s] Level 5:colcon.colcon_core.verb:set package 'test_package' build argument 'cmake_force_configure' from command line to 'False'
[1.771s] Level 5:colcon.colcon_core.verb:set package 'test_package' build argument 'ament_cmake_args' from command line to 'None'
[1.771s] Level 5:colcon.colcon_core.verb:set package 'test_package' build argument 'catkin_cmake_args' from command line to 'None'
[1.771s] Level 5:colcon.colcon_core.verb:set package 'test_package' build argument 'catkin_skip_building_tests' from command line to 'False'
[1.771s] DEBUG:colcon.colcon_core.verb:Building package 'test_package' with the following arguments: {'ament_cmake_args': None, 'build_base': '/home/minibot/test_files_ros/build/test_package', 'catkin_cmake_args': None, 'catkin_skip_building_tests': False, 'cmake_args': None, 'cmake_clean_cache': False, 'cmake_clean_first': False, 'cmake_force_configure': False, 'cmake_target': None, 'cmake_target_skip_unavailable': False, 'install_base': '/home/minibot/test_files_ros/install/test_package', 'merge_install': False, 'path': '/home/minibot/test_files_ros/src/test_package', 'symlink_install': False, 'test_result_base': None}
[1.773s] Level 5:colcon.colcon_core.verb:set package 'test_package_msgs' build argument 'cmake_args' from command line to 'None'
[1.773s] Level 5:colcon.colcon_core.verb:set package 'test_package_msgs' build argument 'cmake_target' from command line to 'None'
[1.773s] Level 5:colcon.colcon_core.verb:set package 'test_package_msgs' build argument 'cmake_target_skip_unavailable' from command line to 'False'
[1.773s] Level 5:colcon.colcon_core.verb:set package 'test_package_msgs' build argument 'cmake_clean_cache' from command line to 'False'
[1.773s] Level 5:colcon.colcon_core.verb:set package 'test_package_msgs' build argument 'cmake_clean_first' from command line to 'False'
[1.773s] Level 5:colcon.colcon_core.verb:set package 'test_package_msgs' build argument 'cmake_force_configure' from command line to 'False'
[1.773s] Level 5:colcon.colcon_core.verb:set package 'test_package_msgs' build argument 'ament_cmake_args' from command line to 'None'
[1.773s] Level 5:colcon.colcon_core.verb:set package 'test_package_msgs' build argument 'catkin_cmake_args' from command line to 'None'
[1.774s] Level 5:colcon.colcon_core.verb:set package 'test_package_msgs' build argument 'catkin_skip_building_tests' from command line to 'False'
[1.774s] DEBUG:colcon.colcon_core.verb:Building package 'test_package_msgs' with the following arguments: {'ament_cmake_args': None, 'build_base': '/home/minibot/test_files_ros/build/test_package_msgs', 'catkin_cmake_args': None, 'catkin_skip_building_tests': False, 'cmake_args': None, 'cmake_clean_cache': False, 'cmake_clean_first': False, 'cmake_force_configure': False, 'cmake_target': None, 'cmake_target_skip_unavailable': False, 'install_base': '/home/minibot/test_files_ros/install/test_package_msgs', 'merge_install': False, 'path': '/home/minibot/test_files_ros/src/test_package_msgs', 'symlink_install': False, 'test_result_base': None}
[1.774s] INFO:colcon.colcon_core.executor:Executing jobs using 'parallel' executor
[1.778s] DEBUG:colcon.colcon_parallel_executor.executor.parallel:run_until_complete
[1.779s] INFO:colcon.colcon_ros.task.ament_python.build:Building ROS package in '/home/minibot/test_files_ros/src/test_package' with build type 'ament_python'
[1.779s] Level 1:colcon.colcon_core.shell:create_environment_hook('test_package', 'ament_prefix_path')
[1.788s] INFO:colcon.colcon_core.plugin_system:Skipping extension 'colcon_core.shell.bat': Not used on non-Windows systems
[1.789s] INFO:colcon.colcon_core.shell:Creating environment hook '/home/minibot/test_files_ros/install/test_package/share/test_package/hook/ament_prefix_path.ps1'
[1.792s] INFO:colcon.colcon_core.shell:Creating environment descriptor '/home/minibot/test_files_ros/install/test_package/share/test_package/hook/ament_prefix_path.dsv'
[1.794s] INFO:colcon.colcon_core.shell:Creating environment hook '/home/minibot/test_files_ros/install/test_package/share/test_package/hook/ament_prefix_path.sh'
[1.797s] INFO:colcon.colcon_core.shell:Skip shell extension 'powershell' for command environment: Not usable outside of PowerShell
[1.798s] DEBUG:colcon.colcon_core.shell:Skip shell extension 'dsv' for command environment
[1.820s] INFO:colcon.colcon_ros.task.ament_cmake.build:Building ROS package in '/home/minibot/test_files_ros/src/test_package_msgs' with build type 'ament_cmake'
[1.822s] INFO:colcon.colcon_cmake.task.cmake.build:Building CMake package in '/home/minibot/test_files_ros/src/test_package_msgs'
[1.823s] INFO:colcon.colcon_core.shell:Skip shell extension 'powershell' for command environment: Not usable outside of PowerShell
[1.824s] DEBUG:colcon.colcon_core.shell:Skip shell extension 'dsv' for command environment
[3.052s] INFO:colcon.colcon_core.task.python.build:Building Python package in '/home/minibot/test_files_ros/src/test_package'
[3.053s] INFO:colcon.colcon_core.shell:Skip shell extension 'powershell' for command environment: Not usable outside of PowerShell
[3.053s] DEBUG:colcon.colcon_core.shell:Skip shell extension 'dsv' for command environment
[3.091s] DEBUG:colcon.colcon_core.event_handler.log_command:Invoking command in '/home/minibot/test_files_ros/build/test_package_msgs': CMAKE_PREFIX_PATH=${CMAKE_PREFIX_PATH}:/home/minibot/test_files_ros/install/test_package:/opt/ros/humble /usr/bin/cmake --build /home/minibot/test_files_ros/build/test_package_msgs -- -j4 -l4
[5.149s] DEBUG:colcon.colcon_core.event_handler.log_command:Invoking command in '/home/minibot/test_files_ros/src/test_package': PYTHONPATH=/home/minibot/test_files_ros/build/test_package/prefix_override:/home/minibot/test_files_ros/install/test_package/lib/python3.10/site-packages:${PYTHONPATH} /usr/bin/python3 -W ignore:setup.py install is deprecated setup.py egg_info --egg-base ../../build/test_package build --build-base /home/minibot/test_files_ros/build/test_package/build install --record /home/minibot/test_files_ros/build/test_package/install.log --single-version-externally-managed install_data
[6.945s] DEBUG:colcon.colcon_core.event_handler.log_command:Invoked command in '/home/minibot/test_files_ros/src/test_package' returned '0': PYTHONPATH=/home/minibot/test_files_ros/build/test_package/prefix_override:/home/minibot/test_files_ros/install/test_package/lib/python3.10/site-packages:${PYTHONPATH} /usr/bin/python3 -W ignore:setup.py install is deprecated setup.py egg_info --egg-base ../../build/test_package build --build-base /home/minibot/test_files_ros/build/test_package/build install --record /home/minibot/test_files_ros/build/test_package/install.log --single-version-externally-managed install_data
[6.957s] Level 1:colcon.colcon_core.environment:checking '/home/minibot/test_files_ros/install/test_package' for CMake module files
[6.960s] Level 1:colcon.colcon_core.environment:checking '/home/minibot/test_files_ros/install/test_package' for CMake config files
[6.964s] Level 1:colcon.colcon_core.environment:checking '/home/minibot/test_files_ros/install/test_package/lib'
[6.965s] Level 1:colcon.colcon_core.environment:checking '/home/minibot/test_files_ros/install/test_package/bin'
[6.966s] Level 1:colcon.colcon_core.environment:checking '/home/minibot/test_files_ros/install/test_package/lib/pkgconfig/test_package.pc'
[6.967s] Level 1:colcon.colcon_core.environment:checking '/home/minibot/test_files_ros/install/test_package/lib/python3.10/site-packages'
[6.967s] Level 1:colcon.colcon_core.shell:create_environment_hook('test_package', 'pythonpath')
[6.968s] INFO:colcon.colcon_core.shell:Creating environment hook '/home/minibot/test_files_ros/install/test_package/share/test_package/hook/pythonpath.ps1'
[6.970s] INFO:colcon.colcon_core.shell:Creating environment descriptor '/home/minibot/test_files_ros/install/test_package/share/test_package/hook/pythonpath.dsv'
[6.973s] INFO:colcon.colcon_core.shell:Creating environment hook '/home/minibot/test_files_ros/install/test_package/share/test_package/hook/pythonpath.sh'
[6.977s] Level 1:colcon.colcon_core.environment:checking '/home/minibot/test_files_ros/install/test_package/bin'
[6.978s] Level 1:colcon.colcon_core.environment:create_environment_scripts_only(test_package)
[6.980s] INFO:colcon.colcon_core.shell:Creating package script '/home/minibot/test_files_ros/install/test_package/share/test_package/package.ps1'
[6.986s] INFO:colcon.colcon_core.shell:Creating package descriptor '/home/minibot/test_files_ros/install/test_package/share/test_package/package.dsv'
[6.990s] INFO:colcon.colcon_core.shell:Creating package script '/home/minibot/test_files_ros/install/test_package/share/test_package/package.sh'
[6.994s] INFO:colcon.colcon_core.shell:Creating package script '/home/minibot/test_files_ros/install/test_package/share/test_package/package.bash'
[6.997s] INFO:colcon.colcon_core.shell:Creating package script '/home/minibot/test_files_ros/install/test_package/share/test_package/package.zsh'
[7.001s] Level 1:colcon.colcon_core.environment:create_file_with_runtime_dependencies(/home/minibot/test_files_ros/install/test_package/share/colcon-core/packages/test_package)
[22.766s] DEBUG:colcon.colcon_core.event_handler.log_command:Invoked command in '/home/minibot/test_files_ros/build/test_package_msgs' returned '0': CMAKE_PREFIX_PATH=${CMAKE_PREFIX_PATH}:/home/minibot/test_files_ros/install/test_package:/opt/ros/humble /usr/bin/cmake --build /home/minibot/test_files_ros/build/test_package_msgs -- -j4 -l4
[23.183s] DEBUG:colcon.colcon_core.event_handler.log_command:Invoking command in '/home/minibot/test_files_ros/build/test_package_msgs': CMAKE_PREFIX_PATH=${CMAKE_PREFIX_PATH}:/home/minibot/test_files_ros/install/test_package:/opt/ros/humble /usr/bin/cmake --install /home/minibot/test_files_ros/build/test_package_msgs
[23.568s] Level 1:colcon.colcon_core.environment:create_environment_scripts_only(test_package_msgs)
[23.569s] Level 1:colcon.colcon_core.environment:checking '/home/minibot/test_files_ros/install/test_package_msgs' for CMake module files
[23.571s] DEBUG:colcon.colcon_core.event_handler.log_command:Invoked command in '/home/minibot/test_files_ros/build/test_package_msgs' returned '0': CMAKE_PREFIX_PATH=${CMAKE_PREFIX_PATH}:/home/minibot/test_files_ros/install/test_package:/opt/ros/humble /usr/bin/cmake --install /home/minibot/test_files_ros/build/test_package_msgs
[23.574s] Level 1:colcon.colcon_core.environment:checking '/home/minibot/test_files_ros/install/test_package_msgs' for CMake config files
[23.576s] Level 1:colcon.colcon_core.shell:create_environment_hook('test_package_msgs', 'cmake_prefix_path')
[23.577s] INFO:colcon.colcon_core.shell:Creating environment hook '/home/minibot/test_files_ros/install/test_package_msgs/share/test_package_msgs/hook/cmake_prefix_path.ps1'
[23.579s] INFO:colcon.colcon_core.shell:Creating environment descriptor '/home/minibot/test_files_ros/install/test_package_msgs/share/test_package_msgs/hook/cmake_prefix_path.dsv'
[23.581s] INFO:colcon.colcon_core.shell:Creating environment hook '/home/minibot/test_files_ros/install/test_package_msgs/share/test_package_msgs/hook/cmake_prefix_path.sh'
[23.584s] Level 1:colcon.colcon_core.environment:checking '/home/minibot/test_files_ros/install/test_package_msgs/lib'
[23.585s] Level 1:colcon.colcon_core.shell:create_environment_hook('test_package_msgs', 'ld_library_path_lib')
[23.586s] INFO:colcon.colcon_core.shell:Creating environment hook '/home/minibot/test_files_ros/install/test_package_msgs/share/test_package_msgs/hook/ld_library_path_lib.ps1'
[23.588s] INFO:colcon.colcon_core.shell:Creating environment descriptor '/home/minibot/test_files_ros/install/test_package_msgs/share/test_package_msgs/hook/ld_library_path_lib.dsv'
[23.590s] INFO:colcon.colcon_core.shell:Creating environment hook '/home/minibot/test_files_ros/install/test_package_msgs/share/test_package_msgs/hook/ld_library_path_lib.sh'
[23.592s] Level 1:colcon.colcon_core.environment:checking '/home/minibot/test_files_ros/install/test_package_msgs/bin'
[23.593s] Level 1:colcon.colcon_core.environment:checking '/home/minibot/test_files_ros/install/test_package_msgs/lib/pkgconfig/test_package_msgs.pc'
[23.594s] Level 1:colcon.colcon_core.environment:checking '/home/minibot/test_files_ros/install/test_package_msgs/lib/python3.10/site-packages'
[23.595s] Level 1:colcon.colcon_core.environment:checking '/home/minibot/test_files_ros/install/test_package_msgs/bin'
[23.597s] INFO:colcon.colcon_core.shell:Creating package script '/home/minibot/test_files_ros/install/test_package_msgs/share/test_package_msgs/package.ps1'
[23.600s] INFO:colcon.colcon_core.shell:Creating package descriptor '/home/minibot/test_files_ros/install/test_package_msgs/share/test_package_msgs/package.dsv'
[23.602s] INFO:colcon.colcon_core.shell:Creating package script '/home/minibot/test_files_ros/install/test_package_msgs/share/test_package_msgs/package.sh'
[23.604s] INFO:colcon.colcon_core.shell:Creating package script '/home/minibot/test_files_ros/install/test_package_msgs/share/test_package_msgs/package.bash'
[23.606s] INFO:colcon.colcon_core.shell:Creating package script '/home/minibot/test_files_ros/install/test_package_msgs/share/test_package_msgs/package.zsh'
[23.609s] Level 1:colcon.colcon_core.environment:create_file_with_runtime_dependencies(/home/minibot/test_files_ros/install/test_package_msgs/share/colcon-core/packages/test_package_msgs)
[23.971s] Level 1:colcon.colcon_core.environment:create_environment_scripts_only(test_package_msgs)
[23.973s] Level 1:colcon.colcon_core.environment:checking '/home/minibot/test_files_ros/install/test_package_msgs' for CMake module files
[23.979s] Level 1:colcon.colcon_core.environment:checking '/home/minibot/test_files_ros/install/test_package_msgs' for CMake config files
[23.981s] Level 1:colcon.colcon_core.shell:create_environment_hook('test_package_msgs', 'cmake_prefix_path')
[23.982s] INFO:colcon.colcon_core.shell:Creating environment hook '/home/minibot/test_files_ros/install/test_package_msgs/share/test_package_msgs/hook/cmake_prefix_path.ps1'
[23.984s] INFO:colcon.colcon_core.shell:Creating environment descriptor '/home/minibot/test_files_ros/install/test_package_msgs/share/test_package_msgs/hook/cmake_prefix_path.dsv'
[23.986s] INFO:colcon.colcon_core.shell:Creating environment hook '/home/minibot/test_files_ros/install/test_package_msgs/share/test_package_msgs/hook/cmake_prefix_path.sh'
[23.990s] Level 1:colcon.colcon_core.environment:checking '/home/minibot/test_files_ros/install/test_package_msgs/lib'
[23.990s] Level 1:colcon.colcon_core.shell:create_environment_hook('test_package_msgs', 'ld_library_path_lib')
[23.991s] INFO:colcon.colcon_core.shell:Creating environment hook '/home/minibot/test_files_ros/install/test_package_msgs/share/test_package_msgs/hook/ld_library_path_lib.ps1'
[23.993s] INFO:colcon.colcon_core.shell:Creating environment descriptor '/home/minibot/test_files_ros/install/test_package_msgs/share/test_package_msgs/hook/ld_library_path_lib.dsv'
[23.995s] INFO:colcon.colcon_core.shell:Creating environment hook '/home/minibot/test_files_ros/install/test_package_msgs/share/test_package_msgs/hook/ld_library_path_lib.sh'
[23.997s] Level 1:colcon.colcon_core.environment:checking '/home/minibot/test_files_ros/install/test_package_msgs/bin'
[23.997s] Level 1:colcon.colcon_core.environment:checking '/home/minibot/test_files_ros/install/test_package_msgs/lib/pkgconfig/test_package_msgs.pc'
[23.998s] Level 1:colcon.colcon_core.environment:checking '/home/minibot/test_files_ros/install/test_package_msgs/lib/python3.10/site-packages'
[23.999s] Level 1:colcon.colcon_core.environment:checking '/home/minibot/test_files_ros/install/test_package_msgs/bin'
[24.001s] INFO:colcon.colcon_core.shell:Creating package script '/home/minibot/test_files_ros/install/test_package_msgs/share/test_package_msgs/package.ps1'
[24.003s] INFO:colcon.colcon_core.shell:Creating package descriptor '/home/minibot/test_files_ros/install/test_package_msgs/share/test_package_msgs/package.dsv'
[24.006s] INFO:colcon.colcon_core.shell:Creating package script '/home/minibot/test_files_ros/install/test_package_msgs/share/test_package_msgs/package.sh'
[24.008s] INFO:colcon.colcon_core.shell:Creating package script '/home/minibot/test_files_ros/install/test_package_msgs/share/test_package_msgs/package.bash'
[24.011s] INFO:colcon.colcon_core.shell:Creating package script '/home/minibot/test_files_ros/install/test_package_msgs/share/test_package_msgs/package.zsh'
[24.013s] Level 1:colcon.colcon_core.environment:create_file_with_runtime_dependencies(/home/minibot/test_files_ros/install/test_package_msgs/share/colcon-core/packages/test_package_msgs)
[24.014s] DEBUG:colcon.colcon_parallel_executor.executor.parallel:closing loop
[24.015s] DEBUG:colcon.colcon_parallel_executor.executor.parallel:loop closed
[24.016s] DEBUG:colcon.colcon_parallel_executor.executor.parallel:run_until_complete finished with '0'
[24.016s] DEBUG:colcon.colcon_core.event_reactor:joining thread
[24.040s] INFO:colcon.colcon_core.plugin_system:Skipping extension 'colcon_notification.desktop_notification.terminal_notifier': Not used on non-Darwin systems
[24.040s] INFO:colcon.colcon_core.plugin_system:Skipping extension 'colcon_notification.desktop_notification.win32': Not used on non-Windows systems
[24.040s] INFO:colcon.colcon_notification.desktop_notification:Sending desktop notification using 'notify2'
[24.081s] DEBUG:colcon.colcon_core.event_reactor:joined thread
[24.082s] INFO:colcon.colcon_core.shell:Creating prefix script '/home/minibot/test_files_ros/install/local_setup.ps1'
[24.086s] INFO:colcon.colcon_core.shell:Creating prefix util module '/home/minibot/test_files_ros/install/_local_setup_util_ps1.py'
[24.091s] INFO:colcon.colcon_core.shell:Creating prefix chain script '/home/minibot/test_files_ros/install/setup.ps1'
[24.096s] INFO:colcon.colcon_core.shell:Creating prefix script '/home/minibot/test_files_ros/install/local_setup.sh'
[24.098s] INFO:colcon.colcon_core.shell:Creating prefix util module '/home/minibot/test_files_ros/install/_local_setup_util_sh.py'
[24.101s] INFO:colcon.colcon_core.shell:Creating prefix chain script '/home/minibot/test_files_ros/install/setup.sh'
[24.105s] INFO:colcon.colcon_core.shell:Creating prefix script '/home/minibot/test_files_ros/install/local_setup.bash'
[24.108s] INFO:colcon.colcon_core.shell:Creating prefix chain script '/home/minibot/test_files_ros/install/setup.bash'
[24.112s] INFO:colcon.colcon_core.shell:Creating prefix script '/home/minibot/test_files_ros/install/local_setup.zsh'
[24.115s] INFO:colcon.colcon_core.shell:Creating prefix chain script '/home/minibot/test_files_ros/install/setup.zsh'
