[0.453s] DEBUG:colcon:Command line arguments: ['/usr/bin/colcon', 'build']
[0.453s] DEBUG:colcon:Parsed command line arguments: Namespace(log_base=None, log_level=None, verb_name='build', build_base='build', install_base='install', merge_install=False, symlink_install=False, test_result_base=None, continue_on_error=False, executor='parallel', parallel_workers=4, event_handlers=None, ignore_user_meta=False, metas=['./colcon.meta'], base_paths=['.'], packages_ignore=None, packages_ignore_regex=None, paths=None, packages_up_to=None, packages_up_to_regex=None, packages_above=None, packages_above_and_dependencies=None, packages_above_depth=None, packages_select_by_dep=None, packages_skip_by_dep=None, packages_skip_up_to=None, packages_select_build_failed=False, packages_skip_build_finished=False, packages_select_test_failures=False, packages_skip_test_passed=False, packages_select=None, packages_skip=None, packages_select_regex=None, packages_skip_regex=None, packages_start=None, packages_end=None, allow_overriding=[], cmake_args=None, cmake_target=None, cmake_target_skip_unavailable=False, cmake_clean_cache=False, cmake_clean_first=False, cmake_force_configure=False, ament_cmake_args=None, catkin_cmake_args=None, catkin_skip_building_tests=False, verb_parser=<colcon_defaults.argument_parser.defaults.DefaultArgumentsDecorator object at 0xffff818a4e50>, verb_extension=<colcon_core.verb.build.BuildVerb object at 0xffff818a4040>, main=<bound method BuildVerb.main of <colcon_core.verb.build.BuildVerb object at 0xffff818a4040>>)
[1.342s] Level 1:colcon.colcon_core.package_discovery:discover_packages(colcon_meta) check parameters
[1.342s] Level 1:colcon.colcon_core.package_discovery:discover_packages(recursive) check parameters
[1.342s] Level 1:colcon.colcon_core.package_discovery:discover_packages(ignore) check parameters
[1.343s] Level 1:colcon.colcon_core.package_discovery:discover_packages(path) check parameters
[1.343s] Level 1:colcon.colcon_core.package_discovery:discover_packages(colcon_meta) discover
[1.343s] Level 1:colcon.colcon_core.package_discovery:discover_packages(recursive) discover
[1.343s] INFO:colcon.colcon_core.package_discovery:Crawling recursively for packages in '/home/minibot/test_files_ros'
[1.344s] Level 1:colcon.colcon_core.package_identification:_identify(.) by extensions ['ignore', 'ignore_ament_install']
[1.344s] Level 1:colcon.colcon_core.package_identification:_identify(.) by extension 'ignore'
[1.344s] Level 1:colcon.colcon_core.package_identification:_identify(.) by extension 'ignore_ament_install'
[1.345s] Level 1:colcon.colcon_core.package_identification:_identify(.) by extensions ['colcon_pkg']
[1.345s] Level 1:colcon.colcon_core.package_identification:_identify(.) by extension 'colcon_pkg'
[1.345s] Level 1:colcon.colcon_core.package_identification:_identify(.) by extensions ['colcon_meta']
[1.345s] Level 1:colcon.colcon_core.package_identification:_identify(.) by extension 'colcon_meta'
[1.345s] Level 1:colcon.colcon_core.package_identification:_identify(.) by extensions ['ros']
[1.345s] Level 1:colcon.colcon_core.package_identification:_identify(.) by extension 'ros'
[1.392s] Level 1:colcon.colcon_core.package_identification:_identify(.) by extensions ['cmake', 'python']
[1.392s] Level 1:colcon.colcon_core.package_identification:_identify(.) by extension 'cmake'
[1.392s] Level 1:colcon.colcon_core.package_identification:_identify(.) by extension 'python'
[1.393s] Level 1:colcon.colcon_core.package_identification:_identify(.) by extensions ['python_setup_py']
[1.393s] Level 1:colcon.colcon_core.package_identification:_identify(.) by extension 'python_setup_py'
[1.393s] Level 1:colcon.colcon_core.package_identification:_identify(build) by extensions ['ignore', 'ignore_ament_install']
[1.394s] Level 1:colcon.colcon_core.package_identification:_identify(build) by extension 'ignore'
[1.394s] Level 1:colcon.colcon_core.package_identification:_identify(build) ignored
[1.395s] Level 1:colcon.colcon_core.package_identification:_identify(install) by extensions ['ignore', 'ignore_ament_install']
[1.395s] Level 1:colcon.colcon_core.package_identification:_identify(install) by extension 'ignore'
[1.395s] Level 1:colcon.colcon_core.package_identification:_identify(install) ignored
[1.396s] Level 1:colcon.colcon_core.package_identification:_identify(log) by extensions ['ignore', 'ignore_ament_install']
[1.396s] Level 1:colcon.colcon_core.package_identification:_identify(log) by extension 'ignore'
[1.397s] Level 1:colcon.colcon_core.package_identification:_identify(log) ignored
[1.397s] Level 1:colcon.colcon_core.package_identification:_identify(src) by extensions ['ignore', 'ignore_ament_install']
[1.397s] Level 1:colcon.colcon_core.package_identification:_identify(src) by extension 'ignore'
[1.398s] Level 1:colcon.colcon_core.package_identification:_identify(src) by extension 'ignore_ament_install'
[1.398s] Level 1:colcon.colcon_core.package_identification:_identify(src) by extensions ['colcon_pkg']
[1.398s] Level 1:colcon.colcon_core.package_identification:_identify(src) by extension 'colcon_pkg'
[1.398s] Level 1:colcon.colcon_core.package_identification:_identify(src) by extensions ['colcon_meta']
[1.398s] Level 1:colcon.colcon_core.package_identification:_identify(src) by extension 'colcon_meta'
[1.398s] Level 1:colcon.colcon_core.package_identification:_identify(src) by extensions ['ros']
[1.399s] Level 1:colcon.colcon_core.package_identification:_identify(src) by extension 'ros'
[1.399s] Level 1:colcon.colcon_core.package_identification:_identify(src) by extensions ['cmake', 'python']
[1.399s] Level 1:colcon.colcon_core.package_identification:_identify(src) by extension 'cmake'
[1.399s] Level 1:colcon.colcon_core.package_identification:_identify(src) by extension 'python'
[1.399s] Level 1:colcon.colcon_core.package_identification:_identify(src) by extensions ['python_setup_py']
[1.400s] Level 1:colcon.colcon_core.package_identification:_identify(src) by extension 'python_setup_py'
[1.400s] Level 1:colcon.colcon_core.package_identification:_identify(src/test_package) by extensions ['ignore', 'ignore_ament_install']
[1.400s] Level 1:colcon.colcon_core.package_identification:_identify(src/test_package) by extension 'ignore'
[1.401s] Level 1:colcon.colcon_core.package_identification:_identify(src/test_package) by extension 'ignore_ament_install'
[1.401s] Level 1:colcon.colcon_core.package_identification:_identify(src/test_package) by extensions ['colcon_pkg']
[1.401s] Level 1:colcon.colcon_core.package_identification:_identify(src/test_package) by extension 'colcon_pkg'
[1.401s] Level 1:colcon.colcon_core.package_identification:_identify(src/test_package) by extensions ['colcon_meta']
[1.401s] Level 1:colcon.colcon_core.package_identification:_identify(src/test_package) by extension 'colcon_meta'
[1.402s] Level 1:colcon.colcon_core.package_identification:_identify(src/test_package) by extensions ['ros']
[1.402s] Level 1:colcon.colcon_core.package_identification:_identify(src/test_package) by extension 'ros'
[1.410s] DEBUG:colcon.colcon_core.package_identification:Package 'src/test_package' with type 'ros.ament_python' and name 'test_package'
[1.411s] Level 1:colcon.colcon_core.package_identification:_identify(src/test_package_msgs) by extensions ['ignore', 'ignore_ament_install']
[1.411s] Level 1:colcon.colcon_core.package_identification:_identify(src/test_package_msgs) by extension 'ignore'
[1.411s] Level 1:colcon.colcon_core.package_identification:_identify(src/test_package_msgs) by extension 'ignore_ament_install'
[1.411s] Level 1:colcon.colcon_core.package_identification:_identify(src/test_package_msgs) by extensions ['colcon_pkg']
[1.412s] Level 1:colcon.colcon_core.package_identification:_identify(src/test_package_msgs) by extension 'colcon_pkg'
[1.412s] Level 1:colcon.colcon_core.package_identification:_identify(src/test_package_msgs) by extensions ['colcon_meta']
[1.412s] Level 1:colcon.colcon_core.package_identification:_identify(src/test_package_msgs) by extension 'colcon_meta'
[1.412s] Level 1:colcon.colcon_core.package_identification:_identify(src/test_package_msgs) by extensions ['ros']
[1.412s] Level 1:colcon.colcon_core.package_identification:_identify(src/test_package_msgs) by extension 'ros'
[1.414s] DEBUG:colcon.colcon_core.package_identification:Package 'src/test_package_msgs' with type 'ros.ament_cmake' and name 'test_package_msgs'
[1.415s] Level 1:colcon.colcon_core.package_discovery:discover_packages(recursive) using defaults
[1.415s] Level 1:colcon.colcon_core.package_discovery:discover_packages(ignore) discover
[1.415s] Level 1:colcon.colcon_core.package_discovery:discover_packages(ignore) using defaults
[1.415s] Level 1:colcon.colcon_core.package_discovery:discover_packages(path) discover
[1.415s] Level 1:colcon.colcon_core.package_discovery:discover_packages(path) using defaults
[1.495s] Level 1:colcon.colcon_core.package_discovery:discover_packages(prefix_path) check parameters
[1.495s] Level 1:colcon.colcon_core.package_discovery:discover_packages(prefix_path) discover
[1.509s] DEBUG:colcon.colcon_installed_package_information.package_discovery:Found 2 installed packages in /home/minibot/test_files_ros/install
[1.520s] DEBUG:colcon.colcon_installed_package_information.package_discovery:Found 364 installed packages in /opt/ros/humble
[1.567s] Level 1:colcon.colcon_core.package_discovery:discover_packages(prefix_path) using defaults
[1.780s] Level 5:colcon.colcon_core.verb:set package 'test_package' build argument 'cmake_args' from command line to 'None'
[1.781s] Level 5:colcon.colcon_core.verb:set package 'test_package' build argument 'cmake_target' from command line to 'None'
[1.781s] Level 5:colcon.colcon_core.verb:set package 'test_package' build argument 'cmake_target_skip_unavailable' from command line to 'False'
[1.781s] Level 5:colcon.colcon_core.verb:set package 'test_package' build argument 'cmake_clean_cache' from command line to 'False'
[1.781s] Level 5:colcon.colcon_core.verb:set package 'test_package' build argument 'cmake_clean_first' from command line to 'False'
[1.781s] Level 5:colcon.colcon_core.verb:set package 'test_package' build argument 'cmake_force_configure' from command line to 'False'
[1.781s] Level 5:colcon.colcon_core.verb:set package 'test_package' build argument 'ament_cmake_args' from command line to 'None'
[1.781s] Level 5:colcon.colcon_core.verb:set package 'test_package' build argument 'catkin_cmake_args' from command line to 'None'
[1.782s] Level 5:colcon.colcon_core.verb:set package 'test_package' build argument 'catkin_skip_building_tests' from command line to 'False'
[1.782s] DEBUG:colcon.colcon_core.verb:Building package 'test_package' with the following arguments: {'ament_cmake_args': None, 'build_base': '/home/minibot/test_files_ros/build/test_package', 'catkin_cmake_args': None, 'catkin_skip_building_tests': False, 'cmake_args': None, 'cmake_clean_cache': False, 'cmake_clean_first': False, 'cmake_force_configure': False, 'cmake_target': None, 'cmake_target_skip_unavailable': False, 'install_base': '/home/minibot/test_files_ros/install/test_package', 'merge_install': False, 'path': '/home/minibot/test_files_ros/src/test_package', 'symlink_install': False, 'test_result_base': None}
[1.783s] Level 5:colcon.colcon_core.verb:set package 'test_package_msgs' build argument 'cmake_args' from command line to 'None'
[1.783s] Level 5:colcon.colcon_core.verb:set package 'test_package_msgs' build argument 'cmake_target' from command line to 'None'
[1.784s] Level 5:colcon.colcon_core.verb:set package 'test_package_msgs' build argument 'cmake_target_skip_unavailable' from command line to 'False'
[1.784s] Level 5:colcon.colcon_core.verb:set package 'test_package_msgs' build argument 'cmake_clean_cache' from command line to 'False'
[1.784s] Level 5:colcon.colcon_core.verb:set package 'test_package_msgs' build argument 'cmake_clean_first' from command line to 'False'
[1.784s] Level 5:colcon.colcon_core.verb:set package 'test_package_msgs' build argument 'cmake_force_configure' from command line to 'False'
[1.784s] Level 5:colcon.colcon_core.verb:set package 'test_package_msgs' build argument 'ament_cmake_args' from command line to 'None'
[1.784s] Level 5:colcon.colcon_core.verb:set package 'test_package_msgs' build argument 'catkin_cmake_args' from command line to 'None'
[1.784s] Level 5:colcon.colcon_core.verb:set package 'test_package_msgs' build argument 'catkin_skip_building_tests' from command line to 'False'
[1.784s] DEBUG:colcon.colcon_core.verb:Building package 'test_package_msgs' with the following arguments: {'ament_cmake_args': None, 'build_base': '/home/minibot/test_files_ros/build/test_package_msgs', 'catkin_cmake_args': None, 'catkin_skip_building_tests': False, 'cmake_args': None, 'cmake_clean_cache': False, 'cmake_clean_first': False, 'cmake_force_configure': False, 'cmake_target': None, 'cmake_target_skip_unavailable': False, 'install_base': '/home/minibot/test_files_ros/install/test_package_msgs', 'merge_install': False, 'path': '/home/minibot/test_files_ros/src/test_package_msgs', 'symlink_install': False, 'test_result_base': None}
[1.785s] INFO:colcon.colcon_core.executor:Executing jobs using 'parallel' executor
[1.789s] DEBUG:colcon.colcon_parallel_executor.executor.parallel:run_until_complete
[1.790s] INFO:colcon.colcon_ros.task.ament_python.build:Building ROS package in '/home/minibot/test_files_ros/src/test_package' with build type 'ament_python'
[1.790s] Level 1:colcon.colcon_core.shell:create_environment_hook('test_package', 'ament_prefix_path')
[1.799s] INFO:colcon.colcon_core.plugin_system:Skipping extension 'colcon_core.shell.bat': Not used on non-Windows systems
[1.800s] INFO:colcon.colcon_core.shell:Creating environment hook '/home/minibot/test_files_ros/install/test_package/share/test_package/hook/ament_prefix_path.ps1'
[1.803s] INFO:colcon.colcon_core.shell:Creating environment descriptor '/home/minibot/test_files_ros/install/test_package/share/test_package/hook/ament_prefix_path.dsv'
[1.806s] INFO:colcon.colcon_core.shell:Creating environment hook '/home/minibot/test_files_ros/install/test_package/share/test_package/hook/ament_prefix_path.sh'
[1.810s] INFO:colcon.colcon_core.shell:Skip shell extension 'powershell' for command environment: Not usable outside of PowerShell
[1.811s] DEBUG:colcon.colcon_core.shell:Skip shell extension 'dsv' for command environment
[1.833s] INFO:colcon.colcon_ros.task.ament_cmake.build:Building ROS package in '/home/minibot/test_files_ros/src/test_package_msgs' with build type 'ament_cmake'
[1.834s] INFO:colcon.colcon_cmake.task.cmake.build:Building CMake package in '/home/minibot/test_files_ros/src/test_package_msgs'
[1.835s] INFO:colcon.colcon_core.shell:Skip shell extension 'powershell' for command environment: Not usable outside of PowerShell
[1.836s] DEBUG:colcon.colcon_core.shell:Skip shell extension 'dsv' for command environment
[3.115s] INFO:colcon.colcon_core.task.python.build:Building Python package in '/home/minibot/test_files_ros/src/test_package'
[3.116s] INFO:colcon.colcon_core.shell:Skip shell extension 'powershell' for command environment: Not usable outside of PowerShell
[3.117s] DEBUG:colcon.colcon_core.shell:Skip shell extension 'dsv' for command environment
[3.156s] DEBUG:colcon.colcon_core.event_handler.log_command:Invoking command in '/home/minibot/test_files_ros/build/test_package_msgs': CMAKE_PREFIX_PATH=${CMAKE_PREFIX_PATH}:/home/minibot/test_files_ros/install/test_package:/opt/ros/humble /usr/bin/cmake --build /home/minibot/test_files_ros/build/test_package_msgs -- -j4 -l4
[5.458s] DEBUG:colcon.colcon_core.event_handler.log_command:Invoked command in '/home/minibot/test_files_ros/build/test_package_msgs' returned '0': CMAKE_PREFIX_PATH=${CMAKE_PREFIX_PATH}:/home/minibot/test_files_ros/install/test_package:/opt/ros/humble /usr/bin/cmake --build /home/minibot/test_files_ros/build/test_package_msgs -- -j4 -l4
[5.501s] DEBUG:colcon.colcon_core.event_handler.log_command:Invoking command in '/home/minibot/test_files_ros/src/test_package': PYTHONPATH=/home/minibot/test_files_ros/build/test_package/prefix_override:/home/minibot/test_files_ros/install/test_package/lib/python3.10/site-packages:${PYTHONPATH} /usr/bin/python3 -W ignore:setup.py install is deprecated setup.py egg_info --egg-base ../../build/test_package build --build-base /home/minibot/test_files_ros/build/test_package/build install --record /home/minibot/test_files_ros/build/test_package/install.log --single-version-externally-managed install_data
[5.905s] DEBUG:colcon.colcon_core.event_handler.log_command:Invoking command in '/home/minibot/test_files_ros/build/test_package_msgs': CMAKE_PREFIX_PATH=${CMAKE_PREFIX_PATH}:/home/minibot/test_files_ros/install/test_package:/opt/ros/humble /usr/bin/cmake --install /home/minibot/test_files_ros/build/test_package_msgs
[6.256s] Level 1:colcon.colcon_core.environment:create_environment_scripts_only(test_package_msgs)
[6.270s] Level 1:colcon.colcon_core.environment:checking '/home/minibot/test_files_ros/install/test_package_msgs' for CMake module files
[6.277s] DEBUG:colcon.colcon_core.event_handler.log_command:Invoked command in '/home/minibot/test_files_ros/build/test_package_msgs' returned '0': CMAKE_PREFIX_PATH=${CMAKE_PREFIX_PATH}:/home/minibot/test_files_ros/install/test_package:/opt/ros/humble /usr/bin/cmake --install /home/minibot/test_files_ros/build/test_package_msgs
[6.278s] Level 1:colcon.colcon_core.environment:checking '/home/minibot/test_files_ros/install/test_package_msgs' for CMake config files
[6.280s] Level 1:colcon.colcon_core.shell:create_environment_hook('test_package_msgs', 'cmake_prefix_path')
[6.281s] INFO:colcon.colcon_core.shell:Creating environment hook '/home/minibot/test_files_ros/install/test_package_msgs/share/test_package_msgs/hook/cmake_prefix_path.ps1'
[6.283s] INFO:colcon.colcon_core.shell:Creating environment descriptor '/home/minibot/test_files_ros/install/test_package_msgs/share/test_package_msgs/hook/cmake_prefix_path.dsv'
[6.285s] INFO:colcon.colcon_core.shell:Creating environment hook '/home/minibot/test_files_ros/install/test_package_msgs/share/test_package_msgs/hook/cmake_prefix_path.sh'
[6.289s] Level 1:colcon.colcon_core.environment:checking '/home/minibot/test_files_ros/install/test_package_msgs/lib'
[6.290s] Level 1:colcon.colcon_core.shell:create_environment_hook('test_package_msgs', 'ld_library_path_lib')
[6.291s] INFO:colcon.colcon_core.shell:Creating environment hook '/home/minibot/test_files_ros/install/test_package_msgs/share/test_package_msgs/hook/ld_library_path_lib.ps1'
[6.294s] INFO:colcon.colcon_core.shell:Creating environment descriptor '/home/minibot/test_files_ros/install/test_package_msgs/share/test_package_msgs/hook/ld_library_path_lib.dsv'
[6.297s] INFO:colcon.colcon_core.shell:Creating environment hook '/home/minibot/test_files_ros/install/test_package_msgs/share/test_package_msgs/hook/ld_library_path_lib.sh'
[6.299s] Level 1:colcon.colcon_core.environment:checking '/home/minibot/test_files_ros/install/test_package_msgs/bin'
[6.299s] Level 1:colcon.colcon_core.environment:checking '/home/minibot/test_files_ros/install/test_package_msgs/lib/pkgconfig/test_package_msgs.pc'
[6.301s] Level 1:colcon.colcon_core.environment:checking '/home/minibot/test_files_ros/install/test_package_msgs/lib/python3.10/site-packages'
[6.302s] Level 1:colcon.colcon_core.environment:checking '/home/minibot/test_files_ros/install/test_package_msgs/bin'
[6.303s] INFO:colcon.colcon_core.shell:Creating package script '/home/minibot/test_files_ros/install/test_package_msgs/share/test_package_msgs/package.ps1'
[6.307s] INFO:colcon.colcon_core.shell:Creating package descriptor '/home/minibot/test_files_ros/install/test_package_msgs/share/test_package_msgs/package.dsv'
[6.311s] INFO:colcon.colcon_core.shell:Creating package script '/home/minibot/test_files_ros/install/test_package_msgs/share/test_package_msgs/package.sh'
[6.315s] INFO:colcon.colcon_core.shell:Creating package script '/home/minibot/test_files_ros/install/test_package_msgs/share/test_package_msgs/package.bash'
[6.319s] INFO:colcon.colcon_core.shell:Creating package script '/home/minibot/test_files_ros/install/test_package_msgs/share/test_package_msgs/package.zsh'
[6.322s] Level 1:colcon.colcon_core.environment:create_file_with_runtime_dependencies(/home/minibot/test_files_ros/install/test_package_msgs/share/colcon-core/packages/test_package_msgs)
[6.703s] Level 1:colcon.colcon_core.environment:create_environment_scripts_only(test_package_msgs)
[6.705s] Level 1:colcon.colcon_core.environment:checking '/home/minibot/test_files_ros/install/test_package_msgs' for CMake module files
[6.710s] Level 1:colcon.colcon_core.environment:checking '/home/minibot/test_files_ros/install/test_package_msgs' for CMake config files
[6.712s] Level 1:colcon.colcon_core.shell:create_environment_hook('test_package_msgs', 'cmake_prefix_path')
[6.713s] INFO:colcon.colcon_core.shell:Creating environment hook '/home/minibot/test_files_ros/install/test_package_msgs/share/test_package_msgs/hook/cmake_prefix_path.ps1'
[6.715s] INFO:colcon.colcon_core.shell:Creating environment descriptor '/home/minibot/test_files_ros/install/test_package_msgs/share/test_package_msgs/hook/cmake_prefix_path.dsv'
[6.718s] INFO:colcon.colcon_core.shell:Creating environment hook '/home/minibot/test_files_ros/install/test_package_msgs/share/test_package_msgs/hook/cmake_prefix_path.sh'
[6.721s] Level 1:colcon.colcon_core.environment:checking '/home/minibot/test_files_ros/install/test_package_msgs/lib'
[6.721s] Level 1:colcon.colcon_core.shell:create_environment_hook('test_package_msgs', 'ld_library_path_lib')
[6.722s] INFO:colcon.colcon_core.shell:Creating environment hook '/home/minibot/test_files_ros/install/test_package_msgs/share/test_package_msgs/hook/ld_library_path_lib.ps1'
[6.725s] INFO:colcon.colcon_core.shell:Creating environment descriptor '/home/minibot/test_files_ros/install/test_package_msgs/share/test_package_msgs/hook/ld_library_path_lib.dsv'
[6.727s] INFO:colcon.colcon_core.shell:Creating environment hook '/home/minibot/test_files_ros/install/test_package_msgs/share/test_package_msgs/hook/ld_library_path_lib.sh'
[6.730s] Level 1:colcon.colcon_core.environment:checking '/home/minibot/test_files_ros/install/test_package_msgs/bin'
[6.730s] Level 1:colcon.colcon_core.environment:checking '/home/minibot/test_files_ros/install/test_package_msgs/lib/pkgconfig/test_package_msgs.pc'
[6.731s] Level 1:colcon.colcon_core.environment:checking '/home/minibot/test_files_ros/install/test_package_msgs/lib/python3.10/site-packages'
[6.733s] Level 1:colcon.colcon_core.environment:checking '/home/minibot/test_files_ros/install/test_package_msgs/bin'
[6.735s] INFO:colcon.colcon_core.shell:Creating package script '/home/minibot/test_files_ros/install/test_package_msgs/share/test_package_msgs/package.ps1'
[6.738s] INFO:colcon.colcon_core.shell:Creating package descriptor '/home/minibot/test_files_ros/install/test_package_msgs/share/test_package_msgs/package.dsv'
[6.741s] INFO:colcon.colcon_core.shell:Creating package script '/home/minibot/test_files_ros/install/test_package_msgs/share/test_package_msgs/package.sh'
[6.743s] INFO:colcon.colcon_core.shell:Creating package script '/home/minibot/test_files_ros/install/test_package_msgs/share/test_package_msgs/package.bash'
[6.746s] INFO:colcon.colcon_core.shell:Creating package script '/home/minibot/test_files_ros/install/test_package_msgs/share/test_package_msgs/package.zsh'
[6.749s] Level 1:colcon.colcon_core.environment:create_file_with_runtime_dependencies(/home/minibot/test_files_ros/install/test_package_msgs/share/colcon-core/packages/test_package_msgs)
[7.154s] Level 1:colcon.colcon_core.environment:checking '/home/minibot/test_files_ros/install/test_package' for CMake module files
[7.156s] DEBUG:colcon.colcon_core.event_handler.log_command:Invoked command in '/home/minibot/test_files_ros/src/test_package' returned '0': PYTHONPATH=/home/minibot/test_files_ros/build/test_package/prefix_override:/home/minibot/test_files_ros/install/test_package/lib/python3.10/site-packages:${PYTHONPATH} /usr/bin/python3 -W ignore:setup.py install is deprecated setup.py egg_info --egg-base ../../build/test_package build --build-base /home/minibot/test_files_ros/build/test_package/build install --record /home/minibot/test_files_ros/build/test_package/install.log --single-version-externally-managed install_data
[7.158s] Level 1:colcon.colcon_core.environment:checking '/home/minibot/test_files_ros/install/test_package' for CMake config files
[7.162s] Level 1:colcon.colcon_core.environment:checking '/home/minibot/test_files_ros/install/test_package/lib'
[7.163s] Level 1:colcon.colcon_core.environment:checking '/home/minibot/test_files_ros/install/test_package/bin'
[7.163s] Level 1:colcon.colcon_core.environment:checking '/home/minibot/test_files_ros/install/test_package/lib/pkgconfig/test_package.pc'
[7.164s] Level 1:colcon.colcon_core.environment:checking '/home/minibot/test_files_ros/install/test_package/lib/python3.10/site-packages'
[7.165s] Level 1:colcon.colcon_core.shell:create_environment_hook('test_package', 'pythonpath')
[7.166s] INFO:colcon.colcon_core.shell:Creating environment hook '/home/minibot/test_files_ros/install/test_package/share/test_package/hook/pythonpath.ps1'
[7.169s] INFO:colcon.colcon_core.shell:Creating environment descriptor '/home/minibot/test_files_ros/install/test_package/share/test_package/hook/pythonpath.dsv'
[7.171s] INFO:colcon.colcon_core.shell:Creating environment hook '/home/minibot/test_files_ros/install/test_package/share/test_package/hook/pythonpath.sh'
[7.174s] Level 1:colcon.colcon_core.environment:checking '/home/minibot/test_files_ros/install/test_package/bin'
[7.175s] Level 1:colcon.colcon_core.environment:create_environment_scripts_only(test_package)
[7.176s] INFO:colcon.colcon_core.shell:Creating package script '/home/minibot/test_files_ros/install/test_package/share/test_package/package.ps1'
[7.178s] INFO:colcon.colcon_core.shell:Creating package descriptor '/home/minibot/test_files_ros/install/test_package/share/test_package/package.dsv'
[7.181s] INFO:colcon.colcon_core.shell:Creating package script '/home/minibot/test_files_ros/install/test_package/share/test_package/package.sh'
[7.183s] INFO:colcon.colcon_core.shell:Creating package script '/home/minibot/test_files_ros/install/test_package/share/test_package/package.bash'
[7.185s] INFO:colcon.colcon_core.shell:Creating package script '/home/minibot/test_files_ros/install/test_package/share/test_package/package.zsh'
[7.186s] Level 1:colcon.colcon_core.environment:create_file_with_runtime_dependencies(/home/minibot/test_files_ros/install/test_package/share/colcon-core/packages/test_package)
[7.187s] DEBUG:colcon.colcon_parallel_executor.executor.parallel:closing loop
[7.188s] DEBUG:colcon.colcon_parallel_executor.executor.parallel:loop closed
[7.189s] DEBUG:colcon.colcon_parallel_executor.executor.parallel:run_until_complete finished with '0'
[7.189s] DEBUG:colcon.colcon_core.event_reactor:joining thread
[7.210s] INFO:colcon.colcon_core.plugin_system:Skipping extension 'colcon_notification.desktop_notification.terminal_notifier': Not used on non-Darwin systems
[7.211s] INFO:colcon.colcon_core.plugin_system:Skipping extension 'colcon_notification.desktop_notification.win32': Not used on non-Windows systems
[7.211s] INFO:colcon.colcon_notification.desktop_notification:Sending desktop notification using 'notify2'
[7.253s] DEBUG:colcon.colcon_core.event_reactor:joined thread
[7.254s] INFO:colcon.colcon_core.shell:Creating prefix script '/home/minibot/test_files_ros/install/local_setup.ps1'
[7.258s] INFO:colcon.colcon_core.shell:Creating prefix util module '/home/minibot/test_files_ros/install/_local_setup_util_ps1.py'
[7.265s] INFO:colcon.colcon_core.shell:Creating prefix chain script '/home/minibot/test_files_ros/install/setup.ps1'
[7.271s] INFO:colcon.colcon_core.shell:Creating prefix script '/home/minibot/test_files_ros/install/local_setup.sh'
[7.274s] INFO:colcon.colcon_core.shell:Creating prefix util module '/home/minibot/test_files_ros/install/_local_setup_util_sh.py'
[7.277s] INFO:colcon.colcon_core.shell:Creating prefix chain script '/home/minibot/test_files_ros/install/setup.sh'
[7.282s] INFO:colcon.colcon_core.shell:Creating prefix script '/home/minibot/test_files_ros/install/local_setup.bash'
[7.284s] INFO:colcon.colcon_core.shell:Creating prefix chain script '/home/minibot/test_files_ros/install/setup.bash'
[7.289s] INFO:colcon.colcon_core.shell:Creating prefix script '/home/minibot/test_files_ros/install/local_setup.zsh'
[7.291s] INFO:colcon.colcon_core.shell:Creating prefix chain script '/home/minibot/test_files_ros/install/setup.zsh'
