[0.875s] DEBUG:colcon:Command line arguments: ['/usr/bin/colcon', 'build']
[0.875s] DEBUG:colcon:Parsed command line arguments: Namespace(log_base=None, log_level=None, verb_name='build', build_base='build', install_base='install', merge_install=False, symlink_install=False, test_result_base=None, continue_on_error=False, executor='parallel', parallel_workers=4, event_handlers=None, ignore_user_meta=False, metas=['./colcon.meta'], base_paths=['.'], packages_ignore=None, packages_ignore_regex=None, paths=None, packages_up_to=None, packages_up_to_regex=None, packages_above=None, packages_above_and_dependencies=None, packages_above_depth=None, packages_select_by_dep=None, packages_skip_by_dep=None, packages_skip_up_to=None, packages_select_build_failed=False, packages_skip_build_finished=False, packages_select_test_failures=False, packages_skip_test_passed=False, packages_select=None, packages_skip=None, packages_select_regex=None, packages_skip_regex=None, packages_start=None, packages_end=None, allow_overriding=[], cmake_args=None, cmake_target=None, cmake_target_skip_unavailable=False, cmake_clean_cache=False, cmake_clean_first=False, cmake_force_configure=False, ament_cmake_args=None, catkin_cmake_args=None, catkin_skip_building_tests=False, verb_parser=<colcon_defaults.argument_parser.defaults.DefaultArgumentsDecorator object at 0xffff8afe4df0>, verb_extension=<colcon_core.verb.build.BuildVerb object at 0xffff8afe42e0>, main=<bound method BuildVerb.main of <colcon_core.verb.build.BuildVerb object at 0xffff8afe42e0>>)
[2.160s] Level 1:colcon.colcon_core.package_discovery:discover_packages(colcon_meta) check parameters
[2.161s] Level 1:colcon.colcon_core.package_discovery:discover_packages(recursive) check parameters
[2.161s] Level 1:colcon.colcon_core.package_discovery:discover_packages(ignore) check parameters
[2.161s] Level 1:colcon.colcon_core.package_discovery:discover_packages(path) check parameters
[2.162s] Level 1:colcon.colcon_core.package_discovery:discover_packages(colcon_meta) discover
[2.162s] Level 1:colcon.colcon_core.package_discovery:discover_packages(recursive) discover
[2.162s] INFO:colcon.colcon_core.package_discovery:Crawling recursively for packages in '/home/minibot/test_files_ros'
[2.163s] Level 1:colcon.colcon_core.package_identification:_identify(.) by extensions ['ignore', 'ignore_ament_install']
[2.163s] Level 1:colcon.colcon_core.package_identification:_identify(.) by extension 'ignore'
[2.163s] Level 1:colcon.colcon_core.package_identification:_identify(.) by extension 'ignore_ament_install'
[2.164s] Level 1:colcon.colcon_core.package_identification:_identify(.) by extensions ['colcon_pkg']
[2.164s] Level 1:colcon.colcon_core.package_identification:_identify(.) by extension 'colcon_pkg'
[2.164s] Level 1:colcon.colcon_core.package_identification:_identify(.) by extensions ['colcon_meta']
[2.164s] Level 1:colcon.colcon_core.package_identification:_identify(.) by extension 'colcon_meta'
[2.165s] Level 1:colcon.colcon_core.package_identification:_identify(.) by extensions ['ros']
[2.165s] Level 1:colcon.colcon_core.package_identification:_identify(.) by extension 'ros'
[2.235s] Level 1:colcon.colcon_core.package_identification:_identify(.) by extensions ['cmake', 'python']
[2.236s] Level 1:colcon.colcon_core.package_identification:_identify(.) by extension 'cmake'
[2.236s] Level 1:colcon.colcon_core.package_identification:_identify(.) by extension 'python'
[2.236s] Level 1:colcon.colcon_core.package_identification:_identify(.) by extensions ['python_setup_py']
[2.237s] Level 1:colcon.colcon_core.package_identification:_identify(.) by extension 'python_setup_py'
[2.237s] Level 1:colcon.colcon_core.package_identification:_identify(build) by extensions ['ignore', 'ignore_ament_install']
[2.238s] Level 1:colcon.colcon_core.package_identification:_identify(build) by extension 'ignore'
[2.238s] Level 1:colcon.colcon_core.package_identification:_identify(build) ignored
[2.239s] Level 1:colcon.colcon_core.package_identification:_identify(install) by extensions ['ignore', 'ignore_ament_install']
[2.239s] Level 1:colcon.colcon_core.package_identification:_identify(install) by extension 'ignore'
[2.240s] Level 1:colcon.colcon_core.package_identification:_identify(install) ignored
[2.240s] Level 1:colcon.colcon_core.package_identification:_identify(log) by extensions ['ignore', 'ignore_ament_install']
[2.241s] Level 1:colcon.colcon_core.package_identification:_identify(log) by extension 'ignore'
[2.241s] Level 1:colcon.colcon_core.package_identification:_identify(log) ignored
[2.241s] Level 1:colcon.colcon_core.package_identification:_identify(src) by extensions ['ignore', 'ignore_ament_install']
[2.242s] Level 1:colcon.colcon_core.package_identification:_identify(src) by extension 'ignore'
[2.242s] Level 1:colcon.colcon_core.package_identification:_identify(src) by extension 'ignore_ament_install'
[2.242s] Level 1:colcon.colcon_core.package_identification:_identify(src) by extensions ['colcon_pkg']
[2.242s] Level 1:colcon.colcon_core.package_identification:_identify(src) by extension 'colcon_pkg'
[2.242s] Level 1:colcon.colcon_core.package_identification:_identify(src) by extensions ['colcon_meta']
[2.243s] Level 1:colcon.colcon_core.package_identification:_identify(src) by extension 'colcon_meta'
[2.243s] Level 1:colcon.colcon_core.package_identification:_identify(src) by extensions ['ros']
[2.243s] Level 1:colcon.colcon_core.package_identification:_identify(src) by extension 'ros'
[2.243s] Level 1:colcon.colcon_core.package_identification:_identify(src) by extensions ['cmake', 'python']
[2.243s] Level 1:colcon.colcon_core.package_identification:_identify(src) by extension 'cmake'
[2.244s] Level 1:colcon.colcon_core.package_identification:_identify(src) by extension 'python'
[2.244s] Level 1:colcon.colcon_core.package_identification:_identify(src) by extensions ['python_setup_py']
[2.244s] Level 1:colcon.colcon_core.package_identification:_identify(src) by extension 'python_setup_py'
[2.245s] Level 1:colcon.colcon_core.package_identification:_identify(src/test_package) by extensions ['ignore', 'ignore_ament_install']
[2.245s] Level 1:colcon.colcon_core.package_identification:_identify(src/test_package) by extension 'ignore'
[2.245s] Level 1:colcon.colcon_core.package_identification:_identify(src/test_package) by extension 'ignore_ament_install'
[2.245s] Level 1:colcon.colcon_core.package_identification:_identify(src/test_package) by extensions ['colcon_pkg']
[2.246s] Level 1:colcon.colcon_core.package_identification:_identify(src/test_package) by extension 'colcon_pkg'
[2.246s] Level 1:colcon.colcon_core.package_identification:_identify(src/test_package) by extensions ['colcon_meta']
[2.246s] Level 1:colcon.colcon_core.package_identification:_identify(src/test_package) by extension 'colcon_meta'
[2.246s] Level 1:colcon.colcon_core.package_identification:_identify(src/test_package) by extensions ['ros']
[2.246s] Level 1:colcon.colcon_core.package_identification:_identify(src/test_package) by extension 'ros'
[2.258s] DEBUG:colcon.colcon_core.package_identification:Package 'src/test_package' with type 'ros.ament_python' and name 'test_package'
[2.259s] Level 1:colcon.colcon_core.package_discovery:discover_packages(recursive) using defaults
[2.259s] Level 1:colcon.colcon_core.package_discovery:discover_packages(ignore) discover
[2.259s] Level 1:colcon.colcon_core.package_discovery:discover_packages(ignore) using defaults
[2.259s] Level 1:colcon.colcon_core.package_discovery:discover_packages(path) discover
[2.259s] Level 1:colcon.colcon_core.package_discovery:discover_packages(path) using defaults
[2.374s] Level 1:colcon.colcon_core.package_discovery:discover_packages(prefix_path) check parameters
[2.374s] Level 1:colcon.colcon_core.package_discovery:discover_packages(prefix_path) discover
[2.396s] DEBUG:colcon.colcon_installed_package_information.package_discovery:Found 1 installed packages in /home/minibot/test_files_ros/install
[2.399s] DEBUG:colcon.colcon_installed_package_information.package_discovery:Found 8 installed packages in /home/minibot/pinkbot/install
[2.412s] DEBUG:colcon.colcon_installed_package_information.package_discovery:Found 364 installed packages in /opt/ros/humble
[2.455s] Level 1:colcon.colcon_core.package_discovery:discover_packages(prefix_path) using defaults
[2.682s] Level 5:colcon.colcon_core.verb:set package 'test_package' build argument 'cmake_args' from command line to 'None'
[2.682s] Level 5:colcon.colcon_core.verb:set package 'test_package' build argument 'cmake_target' from command line to 'None'
[2.682s] Level 5:colcon.colcon_core.verb:set package 'test_package' build argument 'cmake_target_skip_unavailable' from command line to 'False'
[2.682s] Level 5:colcon.colcon_core.verb:set package 'test_package' build argument 'cmake_clean_cache' from command line to 'False'
[2.682s] Level 5:colcon.colcon_core.verb:set package 'test_package' build argument 'cmake_clean_first' from command line to 'False'
[2.683s] Level 5:colcon.colcon_core.verb:set package 'test_package' build argument 'cmake_force_configure' from command line to 'False'
[2.683s] Level 5:colcon.colcon_core.verb:set package 'test_package' build argument 'ament_cmake_args' from command line to 'None'
[2.683s] Level 5:colcon.colcon_core.verb:set package 'test_package' build argument 'catkin_cmake_args' from command line to 'None'
[2.683s] Level 5:colcon.colcon_core.verb:set package 'test_package' build argument 'catkin_skip_building_tests' from command line to 'False'
[2.683s] DEBUG:colcon.colcon_core.verb:Building package 'test_package' with the following arguments: {'ament_cmake_args': None, 'build_base': '/home/minibot/test_files_ros/build/test_package', 'catkin_cmake_args': None, 'catkin_skip_building_tests': False, 'cmake_args': None, 'cmake_clean_cache': False, 'cmake_clean_first': False, 'cmake_force_configure': False, 'cmake_target': None, 'cmake_target_skip_unavailable': False, 'install_base': '/home/minibot/test_files_ros/install/test_package', 'merge_install': False, 'path': '/home/minibot/test_files_ros/src/test_package', 'symlink_install': False, 'test_result_base': None}
[2.684s] INFO:colcon.colcon_core.executor:Executing jobs using 'parallel' executor
[2.687s] DEBUG:colcon.colcon_parallel_executor.executor.parallel:run_until_complete
[2.688s] INFO:colcon.colcon_ros.task.ament_python.build:Building ROS package in '/home/minibot/test_files_ros/src/test_package' with build type 'ament_python'
[2.689s] Level 1:colcon.colcon_core.shell:create_environment_hook('test_package', 'ament_prefix_path')
[2.705s] INFO:colcon.colcon_core.plugin_system:Skipping extension 'colcon_core.shell.bat': Not used on non-Windows systems
[2.706s] INFO:colcon.colcon_core.shell:Creating environment hook '/home/minibot/test_files_ros/install/test_package/share/test_package/hook/ament_prefix_path.ps1'
[2.710s] INFO:colcon.colcon_core.shell:Creating environment descriptor '/home/minibot/test_files_ros/install/test_package/share/test_package/hook/ament_prefix_path.dsv'
[2.716s] INFO:colcon.colcon_core.shell:Creating environment hook '/home/minibot/test_files_ros/install/test_package/share/test_package/hook/ament_prefix_path.sh'
[2.721s] INFO:colcon.colcon_core.shell:Skip shell extension 'powershell' for command environment: Not usable outside of PowerShell
[2.722s] DEBUG:colcon.colcon_core.shell:Skip shell extension 'dsv' for command environment
[3.952s] INFO:colcon.colcon_core.task.python.build:Building Python package in '/home/minibot/test_files_ros/src/test_package'
[3.953s] INFO:colcon.colcon_core.shell:Skip shell extension 'powershell' for command environment: Not usable outside of PowerShell
[3.953s] DEBUG:colcon.colcon_core.shell:Skip shell extension 'dsv' for command environment
[6.121s] DEBUG:colcon.colcon_core.event_handler.log_command:Invoking command in '/home/minibot/test_files_ros/src/test_package': PYTHONPATH=/home/minibot/test_files_ros/build/test_package/prefix_override:/home/minibot/test_files_ros/install/test_package/lib/python3.10/site-packages:${PYTHONPATH} /usr/bin/python3 -W ignore:setup.py install is deprecated setup.py egg_info --egg-base ../../build/test_package build --build-base /home/minibot/test_files_ros/build/test_package/build install --record /home/minibot/test_files_ros/build/test_package/install.log --single-version-externally-managed install_data
[7.461s] DEBUG:colcon.colcon_core.event_handler.log_command:Invoked command in '/home/minibot/test_files_ros/src/test_package' returned '0': PYTHONPATH=/home/minibot/test_files_ros/build/test_package/prefix_override:/home/minibot/test_files_ros/install/test_package/lib/python3.10/site-packages:${PYTHONPATH} /usr/bin/python3 -W ignore:setup.py install is deprecated setup.py egg_info --egg-base ../../build/test_package build --build-base /home/minibot/test_files_ros/build/test_package/build install --record /home/minibot/test_files_ros/build/test_package/install.log --single-version-externally-managed install_data
[7.479s] Level 1:colcon.colcon_core.environment:checking '/home/minibot/test_files_ros/install/test_package' for CMake module files
[7.482s] Level 1:colcon.colcon_core.environment:checking '/home/minibot/test_files_ros/install/test_package' for CMake config files
[7.487s] Level 1:colcon.colcon_core.environment:checking '/home/minibot/test_files_ros/install/test_package/lib'
[7.488s] Level 1:colcon.colcon_core.environment:checking '/home/minibot/test_files_ros/install/test_package/bin'
[7.488s] Level 1:colcon.colcon_core.environment:checking '/home/minibot/test_files_ros/install/test_package/lib/pkgconfig/test_package.pc'
[7.489s] Level 1:colcon.colcon_core.environment:checking '/home/minibot/test_files_ros/install/test_package/lib/python3.10/site-packages'
[7.490s] Level 1:colcon.colcon_core.shell:create_environment_hook('test_package', 'pythonpath')
[7.491s] INFO:colcon.colcon_core.shell:Creating environment hook '/home/minibot/test_files_ros/install/test_package/share/test_package/hook/pythonpath.ps1'
[7.493s] INFO:colcon.colcon_core.shell:Creating environment descriptor '/home/minibot/test_files_ros/install/test_package/share/test_package/hook/pythonpath.dsv'
[7.494s] INFO:colcon.colcon_core.shell:Creating environment hook '/home/minibot/test_files_ros/install/test_package/share/test_package/hook/pythonpath.sh'
[7.497s] Level 1:colcon.colcon_core.environment:checking '/home/minibot/test_files_ros/install/test_package/bin'
[7.497s] Level 1:colcon.colcon_core.environment:create_environment_scripts_only(test_package)
[7.498s] INFO:colcon.colcon_core.shell:Creating package script '/home/minibot/test_files_ros/install/test_package/share/test_package/package.ps1'
[7.503s] INFO:colcon.colcon_core.shell:Creating package descriptor '/home/minibot/test_files_ros/install/test_package/share/test_package/package.dsv'
[7.507s] INFO:colcon.colcon_core.shell:Creating package script '/home/minibot/test_files_ros/install/test_package/share/test_package/package.sh'
[7.512s] INFO:colcon.colcon_core.shell:Creating package script '/home/minibot/test_files_ros/install/test_package/share/test_package/package.bash'
[7.517s] INFO:colcon.colcon_core.shell:Creating package script '/home/minibot/test_files_ros/install/test_package/share/test_package/package.zsh'
[7.522s] Level 1:colcon.colcon_core.environment:create_file_with_runtime_dependencies(/home/minibot/test_files_ros/install/test_package/share/colcon-core/packages/test_package)
[7.524s] DEBUG:colcon.colcon_parallel_executor.executor.parallel:closing loop
[7.525s] DEBUG:colcon.colcon_parallel_executor.executor.parallel:loop closed
[7.525s] DEBUG:colcon.colcon_parallel_executor.executor.parallel:run_until_complete finished with '0'
[7.525s] DEBUG:colcon.colcon_core.event_reactor:joining thread
[7.552s] INFO:colcon.colcon_core.plugin_system:Skipping extension 'colcon_notification.desktop_notification.terminal_notifier': Not used on non-Darwin systems
[7.553s] INFO:colcon.colcon_core.plugin_system:Skipping extension 'colcon_notification.desktop_notification.win32': Not used on non-Windows systems
[7.553s] INFO:colcon.colcon_notification.desktop_notification:Sending desktop notification using 'notify2'
[7.558s] DEBUG:colcon.colcon_notification.desktop_notification.notify2:Failed to initialize notify2: org.freedesktop.DBus.Error.ServiceUnknown: The name org.freedesktop.Notifications was not provided by any .service files
[7.559s] DEBUG:colcon.colcon_core.event_reactor:joined thread
[7.560s] INFO:colcon.colcon_core.shell:Creating prefix script '/home/minibot/test_files_ros/install/local_setup.ps1'
[7.564s] INFO:colcon.colcon_core.shell:Creating prefix util module '/home/minibot/test_files_ros/install/_local_setup_util_ps1.py'
[7.573s] INFO:colcon.colcon_core.shell:Creating prefix chain script '/home/minibot/test_files_ros/install/setup.ps1'
[7.582s] INFO:colcon.colcon_core.shell:Creating prefix script '/home/minibot/test_files_ros/install/local_setup.sh'
[7.587s] INFO:colcon.colcon_core.shell:Creating prefix util module '/home/minibot/test_files_ros/install/_local_setup_util_sh.py'
[7.589s] INFO:colcon.colcon_core.shell:Creating prefix chain script '/home/minibot/test_files_ros/install/setup.sh'
[7.598s] INFO:colcon.colcon_core.shell:Creating prefix script '/home/minibot/test_files_ros/install/local_setup.bash'
[7.602s] INFO:colcon.colcon_core.shell:Creating prefix chain script '/home/minibot/test_files_ros/install/setup.bash'
[7.610s] INFO:colcon.colcon_core.shell:Creating prefix script '/home/minibot/test_files_ros/install/local_setup.zsh'
[7.618s] INFO:colcon.colcon_core.shell:Creating prefix chain script '/home/minibot/test_files_ros/install/setup.zsh'
